<?xml version="1.0" encoding="UTF-8"?>
<!-- Generated by org.testng.reporters.JUnitXMLReporter -->
<testsuite hostname="Vira" name="Tender Bidding 1" tests="6" failures="6" timestamp="10 Jul 2014 08:12:55 GMT" time="950.863" errors="0">
  <testcase name="Tender_bid" time="99.134" classname="com.qcbs.verifications.Tender_bidding">
    <failure type="org.openqa.selenium.NoSuchElementException" message="Timed out after 10 seconds. Unable to locate the element
For documentation on this error, please visit: http://seleniumhq.org/exceptions/no_such_element.html
Build info: version: &amp;apos;2.33.0&amp;apos;, revision: &amp;apos;4e90c97&amp;apos;, time: &amp;apos;2013-05-22 15:32:38&amp;apos;
System info: os.name: &amp;apos;Windows Vista&amp;apos;, os.arch: &amp;apos;x86&amp;apos;, os.version: &amp;apos;6.2&amp;apos;, java.version: &amp;apos;1.6.0_01&amp;apos;
Driver info: driver.version: unknown">
      <![CDATA[org.openqa.selenium.NoSuchElementException: Timed out after 10 seconds. Unable to locate the element
For documentation on this error, please visit: http://seleniumhq.org/exceptions/no_such_element.html
Build info: version: '2.33.0', revision: '4e90c97', time: '2013-05-22 15:32:38'
System info: os.name: 'Windows Vista', os.arch: 'x86', os.version: '6.2', java.version: '1.6.0_01'
Driver info: driver.version: unknown
	at org.openqa.selenium.support.pagefactory.AjaxElementLocator.findElement(AjaxElementLocator.java:72)
	at org.openqa.selenium.support.pagefactory.internal.LocatingElementHandler.invoke(LocatingElementHandler.java:34)
	at $Proxy10.click(Unknown Source)
	at com.qcbs.pages.indexpages.IndexPage.force_logout(IndexPage.java:122)
	at com.qcbs.verifications.Tender_bidding.Tender_bid(Tender_bidding.java:92)
	at sun.reflect.NativeMethodAccessorImpl.invoke0(Native Method)
	at sun.reflect.NativeMethodAccessorImpl.invoke(NativeMethodAccessorImpl.java:39)
	at sun.reflect.DelegatingMethodAccessorImpl.invoke(DelegatingMethodAccessorImpl.java:25)
	at java.lang.reflect.Method.invoke(Method.java:597)
	at org.testng.internal.MethodInvocationHelper.invokeMethod(MethodInvocationHelper.java:84)
	at org.testng.internal.Invoker.invokeMethod(Invoker.java:714)
	at org.testng.internal.Invoker.invokeTestMethod(Invoker.java:901)
	at org.testng.internal.Invoker.invokeTestMethods(Invoker.java:1231)
	at org.testng.internal.TestMethodWorker.invokeTestMethods(TestMethodWorker.java:127)
	at org.testng.internal.TestMethodWorker.run(TestMethodWorker.java:111)
	at org.testng.TestRunner.privateRun(TestRunner.java:767)
	at org.testng.TestRunner.run(TestRunner.java:617)
	at org.testng.SuiteRunner.runTest(SuiteRunner.java:334)
	at org.testng.SuiteRunner.runSequentially(SuiteRunner.java:329)
	at org.testng.SuiteRunner.privateRun(SuiteRunner.java:291)
	at org.testng.SuiteRunner.run(SuiteRunner.java:240)
	at org.testng.SuiteRunnerWorker.runSuite(SuiteRunnerWorker.java:52)
	at org.testng.SuiteRunnerWorker.run(SuiteRunnerWorker.java:86)
	at org.testng.TestNG.runSuitesSequentially(TestNG.java:1224)
	at org.testng.TestNG.runSuitesLocally(TestNG.java:1149)
	at org.testng.TestNG.run(TestNG.java:1057)
	at org.testng.remote.RemoteTestNG.run(RemoteTestNG.java:111)
	at org.testng.remote.RemoteTestNG.initAndRun(RemoteTestNG.java:204)
	at org.testng.remote.RemoteTestNG.main(RemoteTestNG.java:175)
Caused by: org.openqa.selenium.NoSuchElementException: Unable to locate element: {"method":"xpath","selector":".//*[@id='forcelogDiv']/input"}
Command duration or timeout: 18 milliseconds
For documentation on this error, please visit: http://seleniumhq.org/exceptions/no_such_element.html
Build info: version: '2.33.0', revision: '4e90c97', time: '2013-05-22 15:32:38'
System info: os.name: 'Windows NT (unknown)', os.arch: 'amd64', os.version: '6.2', java.version: '1.6.0_25'
Session ID: 400d13c6-acde-43ad-b40c-ccbd02ffe9de
Driver info: org.openqa.selenium.firefox.FirefoxDriver
Capabilities [{platform=XP, acceptSslCerts=true, javascriptEnabled=true, browserName=firefox, rotatable=false, locationContextEnabled=true, version=24.0, cssSelectorsEnabled=true, databaseEnabled=true, handlesAlerts=true, browserConnectionEnabled=true, nativeEvents=true, webStorageEnabled=true, applicationCacheEnabled=true, takesScreenshot=true}]
Command duration or timeout: 434 milliseconds
For documentation on this error, please visit: http://seleniumhq.org/exceptions/no_such_element.html
Build info: version: '2.33.0', revision: '4e90c97', time: '2013-05-22 15:32:38'
System info: os.name: 'Windows Vista', os.arch: 'x86', os.version: '6.2', java.version: '1.6.0_01'
Session ID: 9bdb0ad5-6656-4110-bdc1-6c2fc228d86d
Driver info: org.openqa.selenium.remote.RemoteWebDriver
Capabilities [{platform=XP, acceptSslCerts=true, javascriptEnabled=true, browserName=firefox, rotatable=false, locationContextEnabled=true, webdriver.remote.sessionid=9bdb0ad5-6656-4110-bdc1-6c2fc228d86d, version=24.0, cssSelectorsEnabled=true, databaseEnabled=true, handlesAlerts=true, browserConnectionEnabled=true, webStorageEnabled=true, nativeEvents=true, applicationCacheEnabled=true, takesScreenshot=true}]
	at sun.reflect.GeneratedConstructorAccessor17.newInstance(Unknown Source)
	at sun.reflect.DelegatingConstructorAccessorImpl.newInstance(DelegatingConstructorAccessorImpl.java:27)
	at java.lang.reflect.Constructor.newInstance(Constructor.java:513)
	at org.openqa.selenium.remote.ErrorHandler.createThrowable(ErrorHandler.java:191)
	at org.openqa.selenium.remote.ErrorHandler.throwIfResponseFailed(ErrorHandler.java:145)
	at org.openqa.selenium.remote.RemoteWebDriver.execute(RemoteWebDriver.java:554)
	at org.openqa.selenium.remote.RemoteWebDriver.findElement(RemoteWebDriver.java:307)
	at org.openqa.selenium.remote.RemoteWebDriver.findElementByXPath(RemoteWebDriver.java:404)
	at org.openqa.selenium.By$ByXPath.findElement(By.java:344)
	at org.openqa.selenium.remote.RemoteWebDriver.findElement(RemoteWebDriver.java:299)
	at org.openqa.selenium.support.pagefactory.DefaultElementLocator.findElement(DefaultElementLocator.java:59)
	at org.openqa.selenium.support.pagefactory.AjaxElementLocator.access$0(AjaxElementLocator.java:1)
	at org.openqa.selenium.support.pagefactory.AjaxElementLocator$SlowLoadingElement.isLoaded(AjaxElementLocator.java:140)
	at org.openqa.selenium.support.ui.SlowLoadableComponent.get(SlowLoadableComponent.java:70)
	at org.openqa.selenium.support.pagefactory.AjaxElementLocator.findElement(AjaxElementLocator.java:70)
	... 28 more
Caused by: org.openqa.selenium.remote.ScreenshotException: Screen shot has been taken
Build info: version: '2.33.0', revision: '4e90c97', time: '2013-05-22 15:32:38'
System info: os.name: 'Windows Vista', os.arch: 'x86', os.version: '6.2', java.version: '1.6.0_01'
Driver info: driver.version: RemoteWebDriver
	at org.openqa.selenium.remote.ErrorHandler.throwIfResponseFailed(ErrorHandler.java:125)
	... 38 more
Caused by: org.openqa.selenium.NoSuchElementException: Unable to locate element: {"method":"xpath","selector":".//*[@id='forcelogDiv']/input"}
Command duration or timeout: 18 milliseconds
For documentation on this error, please visit: http://seleniumhq.org/exceptions/no_such_element.html
Build info: version: '2.33.0', revision: '4e90c97', time: '2013-05-22 15:32:38'
System info: os.name: 'Windows NT (unknown)', os.arch: 'amd64', os.version: '6.2', java.version: '1.6.0_25'
Session ID: 400d13c6-acde-43ad-b40c-ccbd02ffe9de
Driver info: org.openqa.selenium.firefox.FirefoxDriver
Capabilities [{platform=XP, acceptSslCerts=true, javascriptEnabled=true, browserName=firefox, rotatable=false, locationContextEnabled=true, version=24.0, cssSelectorsEnabled=true, databaseEnabled=true, handlesAlerts=true, browserConnectionEnabled=true, nativeEvents=true, webStorageEnabled=true, applicationCacheEnabled=true, takesScreenshot=true}]
For documentation on this error, please visit: http://seleniumhq.org/exceptions/no_such_element.html
Build info: version: '2.33.0', revision: '4e90c97', time: '2013-05-22 15:32:38'
System info: os.name: 'Windows Vista', os.arch: 'x86', os.version: '6.2', java.version: '1.6.0_01'
Driver info: driver.version: EventFiringWebDriver
	at sun.reflect.GeneratedConstructorAccessor11.newInstance(Unknown Source)
	at sun.reflect.DelegatingConstructorAccessorImpl.newInstance(Unknown Source)
	at java.lang.reflect.Constructor.newInstance(Unknown Source)
	at org.openqa.selenium.remote.ErrorHandler.createThrowable(ErrorHandler.java:191)
	at org.openqa.selenium.remote.ErrorHandler.throwIfResponseFailed(ErrorHandler.java:145)
	at org.openqa.selenium.remote.RemoteWebDriver.execute(RemoteWebDriver.java:554)
	at org.openqa.selenium.remote.RemoteWebDriver.findElement(RemoteWebDriver.java:307)
	at org.openqa.selenium.remote.RemoteWebDriver.findElementByXPath(RemoteWebDriver.java:404)
	at org.openqa.selenium.By$ByXPath.findElement(By.java:344)
	at org.openqa.selenium.remote.RemoteWebDriver.findElement(RemoteWebDriver.java:299)
	at sun.reflect.GeneratedMethodAccessor26.invoke(Unknown Source)
	at sun.reflect.DelegatingMethodAccessorImpl.invoke(Unknown Source)
	at java.lang.reflect.Method.invoke(Unknown Source)
	at org.openqa.selenium.support.events.EventFiringWebDriver$2.invoke(EventFiringWebDriver.java:101)
	at $Proxy1.findElement(Unknown Source)
	at org.openqa.selenium.support.events.EventFiringWebDriver.findElement(EventFiringWebDriver.java:180)
	at org.openqa.selenium.remote.server.handler.FindElement.call(FindElement.java:47)
	at org.openqa.selenium.remote.server.handler.FindElement.call(FindElement.java:1)
	at java.util.concurrent.FutureTask$Sync.innerRun(Unknown Source)
	at java.util.concurrent.FutureTask.run(Unknown Source)
	at org.openqa.selenium.remote.server.DefaultSession$1.run(DefaultSession.java:169)
	at java.util.concurrent.ThreadPoolExecutor$Worker.runTask(Unknown Source)
	at java.util.concurrent.ThreadPoolExecutor$Worker.run(Unknown Source)
	at java.lang.Thread.run(Unknown Source)
]]>
    </failure>
  </testcase> <!-- Tender_bid -->
  <testcase name="Tender_bid" time="86.615" classname="com.qcbs.verifications.Tender_bidding">
    <failure type="org.openqa.selenium.NoSuchElementException" message="Timed out after 10 seconds. Unable to locate the element
For documentation on this error, please visit: http://seleniumhq.org/exceptions/no_such_element.html
Build info: version: &amp;apos;2.33.0&amp;apos;, revision: &amp;apos;4e90c97&amp;apos;, time: &amp;apos;2013-05-22 15:32:38&amp;apos;
System info: os.name: &amp;apos;Windows Vista&amp;apos;, os.arch: &amp;apos;x86&amp;apos;, os.version: &amp;apos;6.2&amp;apos;, java.version: &amp;apos;1.6.0_01&amp;apos;
Driver info: driver.version: unknown">
      <![CDATA[org.openqa.selenium.NoSuchElementException: Timed out after 10 seconds. Unable to locate the element
For documentation on this error, please visit: http://seleniumhq.org/exceptions/no_such_element.html
Build info: version: '2.33.0', revision: '4e90c97', time: '2013-05-22 15:32:38'
System info: os.name: 'Windows Vista', os.arch: 'x86', os.version: '6.2', java.version: '1.6.0_01'
Driver info: driver.version: unknown
	at org.openqa.selenium.support.pagefactory.AjaxElementLocator.findElement(AjaxElementLocator.java:72)
	at org.openqa.selenium.support.pagefactory.internal.LocatingElementHandler.invoke(LocatingElementHandler.java:34)
	at $Proxy10.click(Unknown Source)
	at com.qcbs.pages.indexpages.IndexPage.force_logout(IndexPage.java:122)
	at com.qcbs.verifications.Tender_bidding.Tender_bid(Tender_bidding.java:92)
	at sun.reflect.NativeMethodAccessorImpl.invoke0(Native Method)
	at sun.reflect.NativeMethodAccessorImpl.invoke(NativeMethodAccessorImpl.java:39)
	at sun.reflect.DelegatingMethodAccessorImpl.invoke(DelegatingMethodAccessorImpl.java:25)
	at java.lang.reflect.Method.invoke(Method.java:597)
	at org.testng.internal.MethodInvocationHelper.invokeMethod(MethodInvocationHelper.java:84)
	at org.testng.internal.Invoker.invokeMethod(Invoker.java:714)
	at org.testng.internal.Invoker.invokeTestMethod(Invoker.java:901)
	at org.testng.internal.Invoker.invokeTestMethods(Invoker.java:1231)
	at org.testng.internal.TestMethodWorker.invokeTestMethods(TestMethodWorker.java:127)
	at org.testng.internal.TestMethodWorker.run(TestMethodWorker.java:111)
	at org.testng.TestRunner.privateRun(TestRunner.java:767)
	at org.testng.TestRunner.run(TestRunner.java:617)
	at org.testng.SuiteRunner.runTest(SuiteRunner.java:334)
	at org.testng.SuiteRunner.runSequentially(SuiteRunner.java:329)
	at org.testng.SuiteRunner.privateRun(SuiteRunner.java:291)
	at org.testng.SuiteRunner.run(SuiteRunner.java:240)
	at org.testng.SuiteRunnerWorker.runSuite(SuiteRunnerWorker.java:52)
	at org.testng.SuiteRunnerWorker.run(SuiteRunnerWorker.java:86)
	at org.testng.TestNG.runSuitesSequentially(TestNG.java:1224)
	at org.testng.TestNG.runSuitesLocally(TestNG.java:1149)
	at org.testng.TestNG.run(TestNG.java:1057)
	at org.testng.remote.RemoteTestNG.run(RemoteTestNG.java:111)
	at org.testng.remote.RemoteTestNG.initAndRun(RemoteTestNG.java:204)
	at org.testng.remote.RemoteTestNG.main(RemoteTestNG.java:175)
Caused by: org.openqa.selenium.NoSuchElementException: Unable to locate element: {"method":"xpath","selector":".//*[@id='forcelogDiv']/input"}
Command duration or timeout: 15 milliseconds
For documentation on this error, please visit: http://seleniumhq.org/exceptions/no_such_element.html
Build info: version: '2.33.0', revision: '4e90c97', time: '2013-05-22 15:32:38'
System info: os.name: 'Windows NT (unknown)', os.arch: 'amd64', os.version: '6.2', java.version: '1.6.0_25'
Session ID: af0c20ec-1193-4e49-895d-3e5fd4775850
Driver info: org.openqa.selenium.firefox.FirefoxDriver
Capabilities [{platform=XP, acceptSslCerts=true, javascriptEnabled=true, browserName=firefox, rotatable=false, locationContextEnabled=true, version=24.0, cssSelectorsEnabled=true, databaseEnabled=true, handlesAlerts=true, browserConnectionEnabled=true, nativeEvents=true, webStorageEnabled=true, applicationCacheEnabled=true, takesScreenshot=true}]
Command duration or timeout: 269 milliseconds
For documentation on this error, please visit: http://seleniumhq.org/exceptions/no_such_element.html
Build info: version: '2.33.0', revision: '4e90c97', time: '2013-05-22 15:32:38'
System info: os.name: 'Windows Vista', os.arch: 'x86', os.version: '6.2', java.version: '1.6.0_01'
Session ID: 8df1fb70-0503-4743-8c2a-60839b15f715
Driver info: org.openqa.selenium.remote.RemoteWebDriver
Capabilities [{platform=XP, acceptSslCerts=true, javascriptEnabled=true, browserName=firefox, rotatable=false, locationContextEnabled=true, webdriver.remote.sessionid=8df1fb70-0503-4743-8c2a-60839b15f715, version=24.0, cssSelectorsEnabled=true, databaseEnabled=true, handlesAlerts=true, browserConnectionEnabled=true, webStorageEnabled=true, nativeEvents=true, applicationCacheEnabled=true, takesScreenshot=true}]
	at sun.reflect.GeneratedConstructorAccessor17.newInstance(Unknown Source)
	at sun.reflect.DelegatingConstructorAccessorImpl.newInstance(DelegatingConstructorAccessorImpl.java:27)
	at java.lang.reflect.Constructor.newInstance(Constructor.java:513)
	at org.openqa.selenium.remote.ErrorHandler.createThrowable(ErrorHandler.java:191)
	at org.openqa.selenium.remote.ErrorHandler.throwIfResponseFailed(ErrorHandler.java:145)
	at org.openqa.selenium.remote.RemoteWebDriver.execute(RemoteWebDriver.java:554)
	at org.openqa.selenium.remote.RemoteWebDriver.findElement(RemoteWebDriver.java:307)
	at org.openqa.selenium.remote.RemoteWebDriver.findElementByXPath(RemoteWebDriver.java:404)
	at org.openqa.selenium.By$ByXPath.findElement(By.java:344)
	at org.openqa.selenium.remote.RemoteWebDriver.findElement(RemoteWebDriver.java:299)
	at org.openqa.selenium.support.pagefactory.DefaultElementLocator.findElement(DefaultElementLocator.java:59)
	at org.openqa.selenium.support.pagefactory.AjaxElementLocator.access$0(AjaxElementLocator.java:1)
	at org.openqa.selenium.support.pagefactory.AjaxElementLocator$SlowLoadingElement.isLoaded(AjaxElementLocator.java:140)
	at org.openqa.selenium.support.ui.SlowLoadableComponent.get(SlowLoadableComponent.java:70)
	at org.openqa.selenium.support.pagefactory.AjaxElementLocator.findElement(AjaxElementLocator.java:70)
	... 28 more
Caused by: org.openqa.selenium.remote.ScreenshotException: Screen shot has been taken
Build info: version: '2.33.0', revision: '4e90c97', time: '2013-05-22 15:32:38'
System info: os.name: 'Windows Vista', os.arch: 'x86', os.version: '6.2', java.version: '1.6.0_01'
Driver info: driver.version: RemoteWebDriver
	at org.openqa.selenium.remote.ErrorHandler.throwIfResponseFailed(ErrorHandler.java:125)
	... 38 more
Caused by: org.openqa.selenium.NoSuchElementException: Unable to locate element: {"method":"xpath","selector":".//*[@id='forcelogDiv']/input"}
Command duration or timeout: 15 milliseconds
For documentation on this error, please visit: http://seleniumhq.org/exceptions/no_such_element.html
Build info: version: '2.33.0', revision: '4e90c97', time: '2013-05-22 15:32:38'
System info: os.name: 'Windows NT (unknown)', os.arch: 'amd64', os.version: '6.2', java.version: '1.6.0_25'
Session ID: af0c20ec-1193-4e49-895d-3e5fd4775850
Driver info: org.openqa.selenium.firefox.FirefoxDriver
Capabilities [{platform=XP, acceptSslCerts=true, javascriptEnabled=true, browserName=firefox, rotatable=false, locationContextEnabled=true, version=24.0, cssSelectorsEnabled=true, databaseEnabled=true, handlesAlerts=true, browserConnectionEnabled=true, nativeEvents=true, webStorageEnabled=true, applicationCacheEnabled=true, takesScreenshot=true}]
For documentation on this error, please visit: http://seleniumhq.org/exceptions/no_such_element.html
Build info: version: '2.33.0', revision: '4e90c97', time: '2013-05-22 15:32:38'
System info: os.name: 'Windows Vista', os.arch: 'x86', os.version: '6.2', java.version: '1.6.0_01'
Driver info: driver.version: EventFiringWebDriver
	at sun.reflect.GeneratedConstructorAccessor11.newInstance(Unknown Source)
	at sun.reflect.DelegatingConstructorAccessorImpl.newInstance(Unknown Source)
	at java.lang.reflect.Constructor.newInstance(Unknown Source)
	at org.openqa.selenium.remote.ErrorHandler.createThrowable(ErrorHandler.java:191)
	at org.openqa.selenium.remote.ErrorHandler.throwIfResponseFailed(ErrorHandler.java:145)
	at org.openqa.selenium.remote.RemoteWebDriver.execute(RemoteWebDriver.java:554)
	at org.openqa.selenium.remote.RemoteWebDriver.findElement(RemoteWebDriver.java:307)
	at org.openqa.selenium.remote.RemoteWebDriver.findElementByXPath(RemoteWebDriver.java:404)
	at org.openqa.selenium.By$ByXPath.findElement(By.java:344)
	at org.openqa.selenium.remote.RemoteWebDriver.findElement(RemoteWebDriver.java:299)
	at sun.reflect.GeneratedMethodAccessor26.invoke(Unknown Source)
	at sun.reflect.DelegatingMethodAccessorImpl.invoke(Unknown Source)
	at java.lang.reflect.Method.invoke(Unknown Source)
	at org.openqa.selenium.support.events.EventFiringWebDriver$2.invoke(EventFiringWebDriver.java:101)
	at $Proxy1.findElement(Unknown Source)
	at org.openqa.selenium.support.events.EventFiringWebDriver.findElement(EventFiringWebDriver.java:180)
	at org.openqa.selenium.remote.server.handler.FindElement.call(FindElement.java:47)
	at org.openqa.selenium.remote.server.handler.FindElement.call(FindElement.java:1)
	at java.util.concurrent.FutureTask$Sync.innerRun(Unknown Source)
	at java.util.concurrent.FutureTask.run(Unknown Source)
	at org.openqa.selenium.remote.server.DefaultSession$1.run(DefaultSession.java:169)
	at java.util.concurrent.ThreadPoolExecutor$Worker.runTask(Unknown Source)
	at java.util.concurrent.ThreadPoolExecutor$Worker.run(Unknown Source)
	at java.lang.Thread.run(Unknown Source)
]]>
    </failure>
  </testcase> <!-- Tender_bid -->
  <testcase name="tender_close" time="96.967" classname="com.qcbs.verifications.Tender_bidding">
    <failure type="org.openqa.selenium.NoSuchWindowException" message="Window not found. The browser window may have been closed.
Command duration or timeout: 3.95 seconds
Build info: version: &amp;apos;2.33.0&amp;apos;, revision: &amp;apos;4e90c97&amp;apos;, time: &amp;apos;2013-05-22 15:32:38&amp;apos;
System info: os.name: &amp;apos;Windows NT (unknown)&amp;apos;, os.arch: &amp;apos;amd64&amp;apos;, os.version: &amp;apos;6.2&amp;apos;, java.version: &amp;apos;1.6.0_25&amp;apos;
Session ID: 7f9e1a47-550d-4b3c-8f15-b966135c7d8f
Driver info: org.openqa.selenium.firefox.FirefoxDriver
Capabilities [{platform=XP, acceptSslCerts=true, javascriptEnabled=true, browserName=firefox, rotatable=false, locationContextEnabled=true, version=24.0, cssSelectorsEnabled=true, databaseEnabled=true, handlesAlerts=true, browserConnectionEnabled=true, nativeEvents=true, webStorageEnabled=true, applicationCacheEnabled=true, takesScreenshot=true}]
Command duration or timeout: 4.06 seconds
Build info: version: &amp;apos;2.33.0&amp;apos;, revision: &amp;apos;4e90c97&amp;apos;, time: &amp;apos;2013-05-22 15:32:38&amp;apos;
System info: os.name: &amp;apos;Windows Vista&amp;apos;, os.arch: &amp;apos;x86&amp;apos;, os.version: &amp;apos;6.2&amp;apos;, java.version: &amp;apos;1.6.0_01&amp;apos;
Session ID: 06d6aa20-282f-4e5d-807a-b95db298a95f
Driver info: org.openqa.selenium.remote.RemoteWebDriver
Capabilities [{platform=XP, acceptSslCerts=true, javascriptEnabled=true, browserName=firefox, rotatable=false, locationContextEnabled=true, webdriver.remote.sessionid=06d6aa20-282f-4e5d-807a-b95db298a95f, version=24.0, cssSelectorsEnabled=true, databaseEnabled=true, handlesAlerts=true, browserConnectionEnabled=true, webStorageEnabled=true, nativeEvents=true, applicationCacheEnabled=true, takesScreenshot=true}]">
      <![CDATA[org.openqa.selenium.NoSuchWindowException: Window not found. The browser window may have been closed.
Command duration or timeout: 3.95 seconds
Build info: version: '2.33.0', revision: '4e90c97', time: '2013-05-22 15:32:38'
System info: os.name: 'Windows NT (unknown)', os.arch: 'amd64', os.version: '6.2', java.version: '1.6.0_25'
Session ID: 7f9e1a47-550d-4b3c-8f15-b966135c7d8f
Driver info: org.openqa.selenium.firefox.FirefoxDriver
Capabilities [{platform=XP, acceptSslCerts=true, javascriptEnabled=true, browserName=firefox, rotatable=false, locationContextEnabled=true, version=24.0, cssSelectorsEnabled=true, databaseEnabled=true, handlesAlerts=true, browserConnectionEnabled=true, nativeEvents=true, webStorageEnabled=true, applicationCacheEnabled=true, takesScreenshot=true}]
Command duration or timeout: 4.06 seconds
Build info: version: '2.33.0', revision: '4e90c97', time: '2013-05-22 15:32:38'
System info: os.name: 'Windows Vista', os.arch: 'x86', os.version: '6.2', java.version: '1.6.0_01'
Session ID: 06d6aa20-282f-4e5d-807a-b95db298a95f
Driver info: org.openqa.selenium.remote.RemoteWebDriver
Capabilities [{platform=XP, acceptSslCerts=true, javascriptEnabled=true, browserName=firefox, rotatable=false, locationContextEnabled=true, webdriver.remote.sessionid=06d6aa20-282f-4e5d-807a-b95db298a95f, version=24.0, cssSelectorsEnabled=true, databaseEnabled=true, handlesAlerts=true, browserConnectionEnabled=true, webStorageEnabled=true, nativeEvents=true, applicationCacheEnabled=true, takesScreenshot=true}]
	at sun.reflect.NativeConstructorAccessorImpl.newInstance0(Native Method)
	at sun.reflect.NativeConstructorAccessorImpl.newInstance(NativeConstructorAccessorImpl.java:39)
	at sun.reflect.DelegatingConstructorAccessorImpl.newInstance(DelegatingConstructorAccessorImpl.java:27)
	at java.lang.reflect.Constructor.newInstance(Constructor.java:513)
	at org.openqa.selenium.remote.ErrorHandler.createThrowable(ErrorHandler.java:191)
	at org.openqa.selenium.remote.ErrorHandler.throwIfResponseFailed(ErrorHandler.java:145)
	at org.openqa.selenium.remote.RemoteWebDriver.execute(RemoteWebDriver.java:554)
	at org.openqa.selenium.remote.RemoteWebDriver.findElement(RemoteWebDriver.java:307)
	at org.openqa.selenium.remote.RemoteWebDriver.findElementByXPath(RemoteWebDriver.java:404)
	at org.openqa.selenium.By$ByXPath.findElement(By.java:344)
	at org.openqa.selenium.remote.RemoteWebDriver.findElement(RemoteWebDriver.java:299)
	at org.openqa.selenium.support.pagefactory.DefaultElementLocator.findElement(DefaultElementLocator.java:59)
	at org.openqa.selenium.support.pagefactory.AjaxElementLocator.access$0(AjaxElementLocator.java:1)
	at org.openqa.selenium.support.pagefactory.AjaxElementLocator$SlowLoadingElement.isLoaded(AjaxElementLocator.java:140)
	at org.openqa.selenium.support.ui.SlowLoadableComponent.get(SlowLoadableComponent.java:70)
	at org.openqa.selenium.support.pagefactory.AjaxElementLocator.findElement(AjaxElementLocator.java:70)
	at org.openqa.selenium.support.pagefactory.internal.LocatingElementHandler.invoke(LocatingElementHandler.java:34)
	at $Proxy10.click(Unknown Source)
	at com.qcbs.pages.indexpages.IndexPage.force_logout(IndexPage.java:122)
	at com.qcbs.verifications.Tender_bidding.tender_close(Tender_bidding.java:150)
	at sun.reflect.NativeMethodAccessorImpl.invoke0(Native Method)
	at sun.reflect.NativeMethodAccessorImpl.invoke(NativeMethodAccessorImpl.java:39)
	at sun.reflect.DelegatingMethodAccessorImpl.invoke(DelegatingMethodAccessorImpl.java:25)
	at java.lang.reflect.Method.invoke(Method.java:597)
	at org.testng.internal.MethodInvocationHelper.invokeMethod(MethodInvocationHelper.java:84)
	at org.testng.internal.Invoker.invokeMethod(Invoker.java:714)
	at org.testng.internal.Invoker.invokeTestMethod(Invoker.java:901)
	at org.testng.internal.Invoker.invokeTestMethods(Invoker.java:1231)
	at org.testng.internal.TestMethodWorker.invokeTestMethods(TestMethodWorker.java:127)
	at org.testng.internal.TestMethodWorker.run(TestMethodWorker.java:111)
	at org.testng.TestRunner.privateRun(TestRunner.java:767)
	at org.testng.TestRunner.run(TestRunner.java:617)
	at org.testng.SuiteRunner.runTest(SuiteRunner.java:334)
	at org.testng.SuiteRunner.runSequentially(SuiteRunner.java:329)
	at org.testng.SuiteRunner.privateRun(SuiteRunner.java:291)
	at org.testng.SuiteRunner.run(SuiteRunner.java:240)
	at org.testng.SuiteRunnerWorker.runSuite(SuiteRunnerWorker.java:52)
	at org.testng.SuiteRunnerWorker.run(SuiteRunnerWorker.java:86)
	at org.testng.TestNG.runSuitesSequentially(TestNG.java:1224)
	at org.testng.TestNG.runSuitesLocally(TestNG.java:1149)
	at org.testng.TestNG.run(TestNG.java:1057)
	at org.testng.remote.RemoteTestNG.run(RemoteTestNG.java:111)
	at org.testng.remote.RemoteTestNG.initAndRun(RemoteTestNG.java:204)
	at org.testng.remote.RemoteTestNG.main(RemoteTestNG.java:175)
Caused by: org.openqa.selenium.remote.ScreenshotException: Screen shot has been taken
Build info: version: '2.33.0', revision: '4e90c97', time: '2013-05-22 15:32:38'
System info: os.name: 'Windows Vista', os.arch: 'x86', os.version: '6.2', java.version: '1.6.0_01'
Driver info: driver.version: RemoteWebDriver
	at org.openqa.selenium.remote.ErrorHandler.throwIfResponseFailed(ErrorHandler.java:125)
	... 38 more
Caused by: org.openqa.selenium.NoSuchWindowException: Window not found. The browser window may have been closed.
Command duration or timeout: 3.95 seconds
Build info: version: '2.33.0', revision: '4e90c97', time: '2013-05-22 15:32:38'
System info: os.name: 'Windows NT (unknown)', os.arch: 'amd64', os.version: '6.2', java.version: '1.6.0_25'
Session ID: 7f9e1a47-550d-4b3c-8f15-b966135c7d8f
Driver info: org.openqa.selenium.firefox.FirefoxDriver
Capabilities [{platform=XP, acceptSslCerts=true, javascriptEnabled=true, browserName=firefox, rotatable=false, locationContextEnabled=true, version=24.0, cssSelectorsEnabled=true, databaseEnabled=true, handlesAlerts=true, browserConnectionEnabled=true, nativeEvents=true, webStorageEnabled=true, applicationCacheEnabled=true, takesScreenshot=true}]
Build info: version: '2.33.0', revision: '4e90c97', time: '2013-05-22 15:32:38'
System info: os.name: 'Windows Vista', os.arch: 'x86', os.version: '6.2', java.version: '1.6.0_01'
Driver info: driver.version: EventFiringWebDriver
	at sun.reflect.NativeConstructorAccessorImpl.newInstance0(Native Method)
	at sun.reflect.NativeConstructorAccessorImpl.newInstance(Unknown Source)
	at sun.reflect.DelegatingConstructorAccessorImpl.newInstance(Unknown Source)
	at java.lang.reflect.Constructor.newInstance(Unknown Source)
	at org.openqa.selenium.remote.ErrorHandler.createThrowable(ErrorHandler.java:191)
	at org.openqa.selenium.remote.ErrorHandler.throwIfResponseFailed(ErrorHandler.java:145)
	at org.openqa.selenium.remote.RemoteWebDriver.execute(RemoteWebDriver.java:554)
	at org.openqa.selenium.remote.RemoteWebDriver.findElement(RemoteWebDriver.java:307)
	at org.openqa.selenium.remote.RemoteWebDriver.findElementByXPath(RemoteWebDriver.java:404)
	at org.openqa.selenium.By$ByXPath.findElement(By.java:344)
	at org.openqa.selenium.remote.RemoteWebDriver.findElement(RemoteWebDriver.java:299)
	at sun.reflect.GeneratedMethodAccessor26.invoke(Unknown Source)
	at sun.reflect.DelegatingMethodAccessorImpl.invoke(Unknown Source)
	at java.lang.reflect.Method.invoke(Unknown Source)
	at org.openqa.selenium.support.events.EventFiringWebDriver$2.invoke(EventFiringWebDriver.java:101)
	at $Proxy1.findElement(Unknown Source)
	at org.openqa.selenium.support.events.EventFiringWebDriver.findElement(EventFiringWebDriver.java:180)
	at org.openqa.selenium.remote.server.handler.FindElement.call(FindElement.java:47)
	at org.openqa.selenium.remote.server.handler.FindElement.call(FindElement.java:1)
	at java.util.concurrent.FutureTask$Sync.innerRun(Unknown Source)
	at java.util.concurrent.FutureTask.run(Unknown Source)
	at org.openqa.selenium.remote.server.DefaultSession$1.run(DefaultSession.java:169)
	at java.util.concurrent.ThreadPoolExecutor$Worker.runTask(Unknown Source)
	at java.util.concurrent.ThreadPoolExecutor$Worker.run(Unknown Source)
	at java.lang.Thread.run(Unknown Source)
]]>
    </failure>
  </testcase> <!-- tender_close -->
  <testcase name="tender_reencryption" time="110.776" classname="com.qcbs.verifications.Tender_bidding">
    <failure type="org.openqa.selenium.NoSuchElementException" message="Timed out after 10 seconds. Unable to locate the element
For documentation on this error, please visit: http://seleniumhq.org/exceptions/no_such_element.html
Build info: version: &amp;apos;2.33.0&amp;apos;, revision: &amp;apos;4e90c97&amp;apos;, time: &amp;apos;2013-05-22 15:32:38&amp;apos;
System info: os.name: &amp;apos;Windows Vista&amp;apos;, os.arch: &amp;apos;x86&amp;apos;, os.version: &amp;apos;6.2&amp;apos;, java.version: &amp;apos;1.6.0_01&amp;apos;
Driver info: driver.version: unknown">
      <![CDATA[org.openqa.selenium.NoSuchElementException: Timed out after 10 seconds. Unable to locate the element
For documentation on this error, please visit: http://seleniumhq.org/exceptions/no_such_element.html
Build info: version: '2.33.0', revision: '4e90c97', time: '2013-05-22 15:32:38'
System info: os.name: 'Windows Vista', os.arch: 'x86', os.version: '6.2', java.version: '1.6.0_01'
Driver info: driver.version: unknown
	at org.openqa.selenium.support.pagefactory.AjaxElementLocator.findElement(AjaxElementLocator.java:72)
	at org.openqa.selenium.support.pagefactory.internal.LocatingElementHandler.invoke(LocatingElementHandler.java:34)
	at $Proxy10.click(Unknown Source)
	at com.qcbs.pages.indexpages.Tender_reencryption_Indexpage.select_tender_for_encrypt(Tender_reencryption_Indexpage.java:78)
	at com.qcbs.verifications.Tender_bidding.tender_reencryption(Tender_bidding.java:206)
	at sun.reflect.NativeMethodAccessorImpl.invoke0(Native Method)
	at sun.reflect.NativeMethodAccessorImpl.invoke(NativeMethodAccessorImpl.java:39)
	at sun.reflect.DelegatingMethodAccessorImpl.invoke(DelegatingMethodAccessorImpl.java:25)
	at java.lang.reflect.Method.invoke(Method.java:597)
	at org.testng.internal.MethodInvocationHelper.invokeMethod(MethodInvocationHelper.java:84)
	at org.testng.internal.Invoker.invokeMethod(Invoker.java:714)
	at org.testng.internal.Invoker.invokeTestMethod(Invoker.java:901)
	at org.testng.internal.Invoker.invokeTestMethods(Invoker.java:1231)
	at org.testng.internal.TestMethodWorker.invokeTestMethods(TestMethodWorker.java:127)
	at org.testng.internal.TestMethodWorker.run(TestMethodWorker.java:111)
	at org.testng.TestRunner.privateRun(TestRunner.java:767)
	at org.testng.TestRunner.run(TestRunner.java:617)
	at org.testng.SuiteRunner.runTest(SuiteRunner.java:334)
	at org.testng.SuiteRunner.runSequentially(SuiteRunner.java:329)
	at org.testng.SuiteRunner.privateRun(SuiteRunner.java:291)
	at org.testng.SuiteRunner.run(SuiteRunner.java:240)
	at org.testng.SuiteRunnerWorker.runSuite(SuiteRunnerWorker.java:52)
	at org.testng.SuiteRunnerWorker.run(SuiteRunnerWorker.java:86)
	at org.testng.TestNG.runSuitesSequentially(TestNG.java:1224)
	at org.testng.TestNG.runSuitesLocally(TestNG.java:1149)
	at org.testng.TestNG.run(TestNG.java:1057)
	at org.testng.remote.RemoteTestNG.run(RemoteTestNG.java:111)
	at org.testng.remote.RemoteTestNG.initAndRun(RemoteTestNG.java:204)
	at org.testng.remote.RemoteTestNG.main(RemoteTestNG.java:175)
Caused by: org.openqa.selenium.NoSuchElementException: Unable to locate element: {"method":"xpath","selector":"//img[@title='Proceed']"}
Command duration or timeout: 21 milliseconds
For documentation on this error, please visit: http://seleniumhq.org/exceptions/no_such_element.html
Build info: version: '2.33.0', revision: '4e90c97', time: '2013-05-22 15:32:38'
System info: os.name: 'Windows NT (unknown)', os.arch: 'amd64', os.version: '6.2', java.version: '1.6.0_25'
Session ID: 448c355c-58af-4992-9d30-693d9c0ad02d
Driver info: org.openqa.selenium.firefox.FirefoxDriver
Capabilities [{platform=XP, acceptSslCerts=true, javascriptEnabled=true, browserName=firefox, rotatable=false, locationContextEnabled=true, version=24.0, cssSelectorsEnabled=true, databaseEnabled=true, handlesAlerts=true, browserConnectionEnabled=true, nativeEvents=true, webStorageEnabled=true, applicationCacheEnabled=true, takesScreenshot=true}]
Command duration or timeout: 236 milliseconds
For documentation on this error, please visit: http://seleniumhq.org/exceptions/no_such_element.html
Build info: version: '2.33.0', revision: '4e90c97', time: '2013-05-22 15:32:38'
System info: os.name: 'Windows Vista', os.arch: 'x86', os.version: '6.2', java.version: '1.6.0_01'
Session ID: f8b04ba3-6cd3-478b-bee3-868fd1456d3e
Driver info: org.openqa.selenium.remote.RemoteWebDriver
Capabilities [{platform=XP, acceptSslCerts=true, javascriptEnabled=true, browserName=firefox, rotatable=false, locationContextEnabled=true, webdriver.remote.sessionid=f8b04ba3-6cd3-478b-bee3-868fd1456d3e, version=24.0, cssSelectorsEnabled=true, databaseEnabled=true, handlesAlerts=true, browserConnectionEnabled=true, webStorageEnabled=true, nativeEvents=true, applicationCacheEnabled=true, takesScreenshot=true}]
	at sun.reflect.GeneratedConstructorAccessor34.newInstance(Unknown Source)
	at sun.reflect.DelegatingConstructorAccessorImpl.newInstance(DelegatingConstructorAccessorImpl.java:27)
	at java.lang.reflect.Constructor.newInstance(Constructor.java:513)
	at org.openqa.selenium.remote.ErrorHandler.createThrowable(ErrorHandler.java:191)
	at org.openqa.selenium.remote.ErrorHandler.throwIfResponseFailed(ErrorHandler.java:145)
	at org.openqa.selenium.remote.RemoteWebDriver.execute(RemoteWebDriver.java:554)
	at org.openqa.selenium.remote.RemoteWebDriver.findElement(RemoteWebDriver.java:307)
	at org.openqa.selenium.remote.RemoteWebDriver.findElementByXPath(RemoteWebDriver.java:404)
	at org.openqa.selenium.By$ByXPath.findElement(By.java:344)
	at org.openqa.selenium.remote.RemoteWebDriver.findElement(RemoteWebDriver.java:299)
	at org.openqa.selenium.support.pagefactory.DefaultElementLocator.findElement(DefaultElementLocator.java:59)
	at org.openqa.selenium.support.pagefactory.AjaxElementLocator.access$0(AjaxElementLocator.java:1)
	at org.openqa.selenium.support.pagefactory.AjaxElementLocator$SlowLoadingElement.isLoaded(AjaxElementLocator.java:140)
	at org.openqa.selenium.support.ui.SlowLoadableComponent.get(SlowLoadableComponent.java:70)
	at org.openqa.selenium.support.pagefactory.AjaxElementLocator.findElement(AjaxElementLocator.java:70)
	... 28 more
Caused by: org.openqa.selenium.remote.ScreenshotException: Screen shot has been taken
Build info: version: '2.33.0', revision: '4e90c97', time: '2013-05-22 15:32:38'
System info: os.name: 'Windows Vista', os.arch: 'x86', os.version: '6.2', java.version: '1.6.0_01'
Driver info: driver.version: RemoteWebDriver
	at org.openqa.selenium.remote.ErrorHandler.throwIfResponseFailed(ErrorHandler.java:125)
	... 38 more
Caused by: org.openqa.selenium.NoSuchElementException: Unable to locate element: {"method":"xpath","selector":"//img[@title='Proceed']"}
Command duration or timeout: 21 milliseconds
For documentation on this error, please visit: http://seleniumhq.org/exceptions/no_such_element.html
Build info: version: '2.33.0', revision: '4e90c97', time: '2013-05-22 15:32:38'
System info: os.name: 'Windows NT (unknown)', os.arch: 'amd64', os.version: '6.2', java.version: '1.6.0_25'
Session ID: 448c355c-58af-4992-9d30-693d9c0ad02d
Driver info: org.openqa.selenium.firefox.FirefoxDriver
Capabilities [{platform=XP, acceptSslCerts=true, javascriptEnabled=true, browserName=firefox, rotatable=false, locationContextEnabled=true, version=24.0, cssSelectorsEnabled=true, databaseEnabled=true, handlesAlerts=true, browserConnectionEnabled=true, nativeEvents=true, webStorageEnabled=true, applicationCacheEnabled=true, takesScreenshot=true}]
For documentation on this error, please visit: http://seleniumhq.org/exceptions/no_such_element.html
Build info: version: '2.33.0', revision: '4e90c97', time: '2013-05-22 15:32:38'
System info: os.name: 'Windows Vista', os.arch: 'x86', os.version: '6.2', java.version: '1.6.0_01'
Driver info: driver.version: EventFiringWebDriver
	at sun.reflect.GeneratedConstructorAccessor11.newInstance(Unknown Source)
	at sun.reflect.DelegatingConstructorAccessorImpl.newInstance(Unknown Source)
	at java.lang.reflect.Constructor.newInstance(Unknown Source)
	at org.openqa.selenium.remote.ErrorHandler.createThrowable(ErrorHandler.java:191)
	at org.openqa.selenium.remote.ErrorHandler.throwIfResponseFailed(ErrorHandler.java:145)
	at org.openqa.selenium.remote.RemoteWebDriver.execute(RemoteWebDriver.java:554)
	at org.openqa.selenium.remote.RemoteWebDriver.findElement(RemoteWebDriver.java:307)
	at org.openqa.selenium.remote.RemoteWebDriver.findElementByXPath(RemoteWebDriver.java:404)
	at org.openqa.selenium.By$ByXPath.findElement(By.java:344)
	at org.openqa.selenium.remote.RemoteWebDriver.findElement(RemoteWebDriver.java:299)
	at sun.reflect.GeneratedMethodAccessor26.invoke(Unknown Source)
	at sun.reflect.DelegatingMethodAccessorImpl.invoke(Unknown Source)
	at java.lang.reflect.Method.invoke(Unknown Source)
	at org.openqa.selenium.support.events.EventFiringWebDriver$2.invoke(EventFiringWebDriver.java:101)
	at $Proxy1.findElement(Unknown Source)
	at org.openqa.selenium.support.events.EventFiringWebDriver.findElement(EventFiringWebDriver.java:180)
	at org.openqa.selenium.remote.server.handler.FindElement.call(FindElement.java:47)
	at org.openqa.selenium.remote.server.handler.FindElement.call(FindElement.java:1)
	at java.util.concurrent.FutureTask$Sync.innerRun(Unknown Source)
	at java.util.concurrent.FutureTask.run(Unknown Source)
	at org.openqa.selenium.remote.server.DefaultSession$1.run(DefaultSession.java:169)
	at java.util.concurrent.ThreadPoolExecutor$Worker.runTask(Unknown Source)
	at java.util.concurrent.ThreadPoolExecutor$Worker.run(Unknown Source)
	at java.lang.Thread.run(Unknown Source)
]]>
    </failure>
  </testcase> <!-- tender_reencryption -->
  <testcase name="tender_reencryption" time="122.858" classname="com.qcbs.verifications.Tender_bidding">
    <failure type="org.openqa.selenium.WebDriverException" message="Error communicating with the remote browser. It may have died.
Build info: version: &amp;apos;2.33.0&amp;apos;, revision: &amp;apos;4e90c97&amp;apos;, time: &amp;apos;2013-05-22 15:32:38&amp;apos;
System info: os.name: &amp;apos;Windows NT (unknown)&amp;apos;, os.arch: &amp;apos;amd64&amp;apos;, os.version: &amp;apos;6.2&amp;apos;, java.version: &amp;apos;1.6.0_25&amp;apos;
Driver info: driver.version: EventFiringWebDriver
Command duration or timeout: 1.60 seconds
Build info: version: &amp;apos;2.33.0&amp;apos;, revision: &amp;apos;4e90c97&amp;apos;, time: &amp;apos;2013-05-22 15:32:38&amp;apos;
System info: os.name: &amp;apos;Windows Vista&amp;apos;, os.arch: &amp;apos;x86&amp;apos;, os.version: &amp;apos;6.2&amp;apos;, java.version: &amp;apos;1.6.0_01&amp;apos;
Session ID: 1142437e-3736-49be-ba8a-fb8b75e3f48f
Driver info: org.openqa.selenium.remote.RemoteWebDriver
Capabilities [{platform=XP, acceptSslCerts=true, javascriptEnabled=true, browserName=firefox, rotatable=false, locationContextEnabled=true, webdriver.remote.sessionid=1142437e-3736-49be-ba8a-fb8b75e3f48f, version=24.0, cssSelectorsEnabled=true, databaseEnabled=true, handlesAlerts=true, browserConnectionEnabled=true, webStorageEnabled=true, nativeEvents=true, applicationCacheEnabled=true, takesScreenshot=true}]">
      <![CDATA[org.openqa.selenium.WebDriverException: Error communicating with the remote browser. It may have died.
Build info: version: '2.33.0', revision: '4e90c97', time: '2013-05-22 15:32:38'
System info: os.name: 'Windows NT (unknown)', os.arch: 'amd64', os.version: '6.2', java.version: '1.6.0_25'
Driver info: driver.version: EventFiringWebDriver
Command duration or timeout: 1.60 seconds
Build info: version: '2.33.0', revision: '4e90c97', time: '2013-05-22 15:32:38'
System info: os.name: 'Windows Vista', os.arch: 'x86', os.version: '6.2', java.version: '1.6.0_01'
Session ID: 1142437e-3736-49be-ba8a-fb8b75e3f48f
Driver info: org.openqa.selenium.remote.RemoteWebDriver
Capabilities [{platform=XP, acceptSslCerts=true, javascriptEnabled=true, browserName=firefox, rotatable=false, locationContextEnabled=true, webdriver.remote.sessionid=1142437e-3736-49be-ba8a-fb8b75e3f48f, version=24.0, cssSelectorsEnabled=true, databaseEnabled=true, handlesAlerts=true, browserConnectionEnabled=true, webStorageEnabled=true, nativeEvents=true, applicationCacheEnabled=true, takesScreenshot=true}]
	at sun.reflect.NativeConstructorAccessorImpl.newInstance0(Native Method)
	at sun.reflect.NativeConstructorAccessorImpl.newInstance(NativeConstructorAccessorImpl.java:39)
	at sun.reflect.DelegatingConstructorAccessorImpl.newInstance(DelegatingConstructorAccessorImpl.java:27)
	at java.lang.reflect.Constructor.newInstance(Constructor.java:513)
	at org.openqa.selenium.remote.ErrorHandler.createThrowable(ErrorHandler.java:191)
	at org.openqa.selenium.remote.ErrorHandler.throwIfResponseFailed(ErrorHandler.java:145)
	at org.openqa.selenium.remote.RemoteWebDriver.execute(RemoteWebDriver.java:554)
	at org.openqa.selenium.remote.RemoteWebDriver.findElement(RemoteWebDriver.java:307)
	at org.openqa.selenium.remote.RemoteWebDriver.findElementByXPath(RemoteWebDriver.java:404)
	at org.openqa.selenium.By$ByXPath.findElement(By.java:344)
	at org.openqa.selenium.remote.RemoteWebDriver.findElement(RemoteWebDriver.java:299)
	at org.openqa.selenium.support.pagefactory.DefaultElementLocator.findElement(DefaultElementLocator.java:59)
	at org.openqa.selenium.support.pagefactory.AjaxElementLocator.access$0(AjaxElementLocator.java:1)
	at org.openqa.selenium.support.pagefactory.AjaxElementLocator$SlowLoadingElement.isLoaded(AjaxElementLocator.java:140)
	at org.openqa.selenium.support.ui.SlowLoadableComponent.get(SlowLoadableComponent.java:49)
	at org.openqa.selenium.support.pagefactory.AjaxElementLocator.findElement(AjaxElementLocator.java:70)
	at org.openqa.selenium.support.pagefactory.internal.LocatingElementHandler.invoke(LocatingElementHandler.java:34)
	at $Proxy10.sendKeys(Unknown Source)
	at com.qcbs.pages.indexpages.Tender_reencryption_Indexpage.select_tender_for_encrypt(Tender_reencryption_Indexpage.java:73)
	at com.qcbs.verifications.Tender_bidding.tender_reencryption(Tender_bidding.java:206)
	at sun.reflect.NativeMethodAccessorImpl.invoke0(Native Method)
	at sun.reflect.NativeMethodAccessorImpl.invoke(NativeMethodAccessorImpl.java:39)
	at sun.reflect.DelegatingMethodAccessorImpl.invoke(DelegatingMethodAccessorImpl.java:25)
	at java.lang.reflect.Method.invoke(Method.java:597)
	at org.testng.internal.MethodInvocationHelper.invokeMethod(MethodInvocationHelper.java:84)
	at org.testng.internal.Invoker.invokeMethod(Invoker.java:714)
	at org.testng.internal.Invoker.invokeTestMethod(Invoker.java:901)
	at org.testng.internal.Invoker.invokeTestMethods(Invoker.java:1231)
	at org.testng.internal.TestMethodWorker.invokeTestMethods(TestMethodWorker.java:127)
	at org.testng.internal.TestMethodWorker.run(TestMethodWorker.java:111)
	at org.testng.TestRunner.privateRun(TestRunner.java:767)
	at org.testng.TestRunner.run(TestRunner.java:617)
	at org.testng.SuiteRunner.runTest(SuiteRunner.java:334)
	at org.testng.SuiteRunner.runSequentially(SuiteRunner.java:329)
	at org.testng.SuiteRunner.privateRun(SuiteRunner.java:291)
	at org.testng.SuiteRunner.run(SuiteRunner.java:240)
	at org.testng.SuiteRunnerWorker.runSuite(SuiteRunnerWorker.java:52)
	at org.testng.SuiteRunnerWorker.run(SuiteRunnerWorker.java:86)
	at org.testng.TestNG.runSuitesSequentially(TestNG.java:1224)
	at org.testng.TestNG.runSuitesLocally(TestNG.java:1149)
	at org.testng.TestNG.run(TestNG.java:1057)
	at org.testng.remote.RemoteTestNG.run(RemoteTestNG.java:111)
	at org.testng.remote.RemoteTestNG.initAndRun(RemoteTestNG.java:204)
	at org.testng.remote.RemoteTestNG.main(RemoteTestNG.java:175)
Caused by: org.openqa.selenium.remote.UnreachableBrowserException: Error communicating with the remote browser. It may have died.
Build info: version: '2.33.0', revision: '4e90c97', time: '2013-05-22 15:32:38'
System info: os.name: 'Windows NT (unknown)', os.arch: 'amd64', os.version: '6.2', java.version: '1.6.0_25'
Driver info: driver.version: EventFiringWebDriver
Build info: version: '2.33.0', revision: '4e90c97', time: '2013-05-22 15:32:38'
System info: os.name: 'Windows Vista', os.arch: 'x86', os.version: '6.2', java.version: '1.6.0_01'
Driver info: driver.version: EventFiringWebDriver
	at org.openqa.selenium.remote.RemoteWebDriver.execute(RemoteWebDriver.java:548)
	at org.openqa.selenium.remote.RemoteWebDriver.findElement(RemoteWebDriver.java:307)
	at org.openqa.selenium.remote.RemoteWebDriver.findElementByXPath(RemoteWebDriver.java:404)
	at org.openqa.selenium.By$ByXPath.findElement(By.java:344)
	at org.openqa.selenium.remote.RemoteWebDriver.findElement(RemoteWebDriver.java:299)
	at sun.reflect.GeneratedMethodAccessor26.invoke(Unknown Source)
	at sun.reflect.DelegatingMethodAccessorImpl.invoke(Unknown Source)
	at java.lang.reflect.Method.invoke(Unknown Source)
	at org.openqa.selenium.support.events.EventFiringWebDriver$2.invoke(EventFiringWebDriver.java:101)
	at $Proxy1.findElement(Unknown Source)
	at org.openqa.selenium.support.events.EventFiringWebDriver.findElement(EventFiringWebDriver.java:180)
	at org.openqa.selenium.remote.server.handler.FindElement.call(FindElement.java:47)
	at org.openqa.selenium.remote.server.handler.FindElement.call(FindElement.java:1)
	at java.util.concurrent.FutureTask$Sync.innerRun(Unknown Source)
	at java.util.concurrent.FutureTask.run(Unknown Source)
	at org.openqa.selenium.remote.server.DefaultSession$1.run(DefaultSession.java:169)
	at java.util.concurrent.ThreadPoolExecutor$Worker.runTask(Unknown Source)
	at java.util.concurrent.ThreadPoolExecutor$Worker.run(Unknown Source)
	at java.lang.Thread.run(Unknown Source)
]]>
    </failure>
  </testcase> <!-- tender_reencryption -->
  <testcase name="tender_open" time="140.062" classname="com.qcbs.verifications.Tender_bidding">
    <failure type="org.openqa.selenium.NoSuchElementException" message="Timed out after 10 seconds. Unable to locate the element
For documentation on this error, please visit: http://seleniumhq.org/exceptions/no_such_element.html
Build info: version: &amp;apos;2.33.0&amp;apos;, revision: &amp;apos;4e90c97&amp;apos;, time: &amp;apos;2013-05-22 15:32:38&amp;apos;
System info: os.name: &amp;apos;Windows Vista&amp;apos;, os.arch: &amp;apos;x86&amp;apos;, os.version: &amp;apos;6.2&amp;apos;, java.version: &amp;apos;1.6.0_01&amp;apos;
Driver info: driver.version: unknown">
      <![CDATA[org.openqa.selenium.NoSuchElementException: Timed out after 10 seconds. Unable to locate the element
For documentation on this error, please visit: http://seleniumhq.org/exceptions/no_such_element.html
Build info: version: '2.33.0', revision: '4e90c97', time: '2013-05-22 15:32:38'
System info: os.name: 'Windows Vista', os.arch: 'x86', os.version: '6.2', java.version: '1.6.0_01'
Driver info: driver.version: unknown
	at org.openqa.selenium.support.pagefactory.AjaxElementLocator.findElement(AjaxElementLocator.java:72)
	at org.openqa.selenium.support.pagefactory.internal.LocatingElementHandler.invoke(LocatingElementHandler.java:34)
	at $Proxy10.getCoordinates(Unknown Source)
	at org.openqa.selenium.interactions.internal.MouseAction.getActionLocation(MouseAction.java:40)
	at org.openqa.selenium.interactions.MoveMouseAction.perform(MoveMouseAction.java:36)
	at org.openqa.selenium.interactions.CompositeAction.perform(CompositeAction.java:31)
	at com.qcbs.page.Tender_creation_DashboardPage.verification_method(Tender_creation_DashboardPage.java:361)
	at com.qcbs.pages.indexpages.Tender_open_IndexPage.Opening_of_Envelope(Tender_open_IndexPage.java:110)
	at com.qcbs.verifications.Tender_bidding.tender_open(Tender_bidding.java:259)
	at sun.reflect.NativeMethodAccessorImpl.invoke0(Native Method)
	at sun.reflect.NativeMethodAccessorImpl.invoke(NativeMethodAccessorImpl.java:39)
	at sun.reflect.DelegatingMethodAccessorImpl.invoke(DelegatingMethodAccessorImpl.java:25)
	at java.lang.reflect.Method.invoke(Method.java:597)
	at org.testng.internal.MethodInvocationHelper.invokeMethod(MethodInvocationHelper.java:84)
	at org.testng.internal.Invoker.invokeMethod(Invoker.java:714)
	at org.testng.internal.Invoker.invokeTestMethod(Invoker.java:901)
	at org.testng.internal.Invoker.invokeTestMethods(Invoker.java:1231)
	at org.testng.internal.TestMethodWorker.invokeTestMethods(TestMethodWorker.java:127)
	at org.testng.internal.TestMethodWorker.run(TestMethodWorker.java:111)
	at org.testng.TestRunner.privateRun(TestRunner.java:767)
	at org.testng.TestRunner.run(TestRunner.java:617)
	at org.testng.SuiteRunner.runTest(SuiteRunner.java:334)
	at org.testng.SuiteRunner.runSequentially(SuiteRunner.java:329)
	at org.testng.SuiteRunner.privateRun(SuiteRunner.java:291)
	at org.testng.SuiteRunner.run(SuiteRunner.java:240)
	at org.testng.SuiteRunnerWorker.runSuite(SuiteRunnerWorker.java:52)
	at org.testng.SuiteRunnerWorker.run(SuiteRunnerWorker.java:86)
	at org.testng.TestNG.runSuitesSequentially(TestNG.java:1224)
	at org.testng.TestNG.runSuitesLocally(TestNG.java:1149)
	at org.testng.TestNG.run(TestNG.java:1057)
	at org.testng.remote.RemoteTestNG.run(RemoteTestNG.java:111)
	at org.testng.remote.RemoteTestNG.initAndRun(RemoteTestNG.java:204)
	at org.testng.remote.RemoteTestNG.main(RemoteTestNG.java:175)
Caused by: org.openqa.selenium.NoSuchElementException: Unable to locate element: {"method":"xpath","selector":"//div[@class='hyperlink_item'][contains(.,'Opening of Envelope')]"}
Command duration or timeout: 19 milliseconds
For documentation on this error, please visit: http://seleniumhq.org/exceptions/no_such_element.html
Build info: version: '2.33.0', revision: '4e90c97', time: '2013-05-22 15:32:38'
System info: os.name: 'Windows NT (unknown)', os.arch: 'amd64', os.version: '6.2', java.version: '1.6.0_25'
Session ID: cd2fded5-ac1c-4e6c-a2cb-0e40ece75fb6
Driver info: org.openqa.selenium.firefox.FirefoxDriver
Capabilities [{platform=XP, acceptSslCerts=true, javascriptEnabled=true, browserName=firefox, rotatable=false, locationContextEnabled=true, version=24.0, cssSelectorsEnabled=true, databaseEnabled=true, handlesAlerts=true, browserConnectionEnabled=true, nativeEvents=true, webStorageEnabled=true, applicationCacheEnabled=true, takesScreenshot=true}]
Command duration or timeout: 239 milliseconds
For documentation on this error, please visit: http://seleniumhq.org/exceptions/no_such_element.html
Build info: version: '2.33.0', revision: '4e90c97', time: '2013-05-22 15:32:38'
System info: os.name: 'Windows Vista', os.arch: 'x86', os.version: '6.2', java.version: '1.6.0_01'
Session ID: 3411c090-4175-4549-a694-7a0dab7cd1a3
Driver info: org.openqa.selenium.remote.RemoteWebDriver
Capabilities [{platform=XP, acceptSslCerts=true, javascriptEnabled=true, browserName=firefox, rotatable=false, locationContextEnabled=true, webdriver.remote.sessionid=3411c090-4175-4549-a694-7a0dab7cd1a3, version=24.0, cssSelectorsEnabled=true, databaseEnabled=true, handlesAlerts=true, browserConnectionEnabled=true, webStorageEnabled=true, nativeEvents=true, applicationCacheEnabled=true, takesScreenshot=true}]
	at sun.reflect.GeneratedConstructorAccessor60.newInstance(Unknown Source)
	at sun.reflect.DelegatingConstructorAccessorImpl.newInstance(DelegatingConstructorAccessorImpl.java:27)
	at java.lang.reflect.Constructor.newInstance(Constructor.java:513)
	at org.openqa.selenium.remote.ErrorHandler.createThrowable(ErrorHandler.java:191)
	at org.openqa.selenium.remote.ErrorHandler.throwIfResponseFailed(ErrorHandler.java:145)
	at org.openqa.selenium.remote.RemoteWebDriver.execute(RemoteWebDriver.java:554)
	at org.openqa.selenium.remote.RemoteWebDriver.findElement(RemoteWebDriver.java:307)
	at org.openqa.selenium.remote.RemoteWebDriver.findElementByXPath(RemoteWebDriver.java:404)
	at org.openqa.selenium.By$ByXPath.findElement(By.java:344)
	at org.openqa.selenium.remote.RemoteWebDriver.findElement(RemoteWebDriver.java:299)
	at org.openqa.selenium.support.pagefactory.DefaultElementLocator.findElement(DefaultElementLocator.java:59)
	at org.openqa.selenium.support.pagefactory.AjaxElementLocator.access$0(AjaxElementLocator.java:1)
	at org.openqa.selenium.support.pagefactory.AjaxElementLocator$SlowLoadingElement.isLoaded(AjaxElementLocator.java:140)
	at org.openqa.selenium.support.ui.SlowLoadableComponent.get(SlowLoadableComponent.java:70)
	at org.openqa.selenium.support.pagefactory.AjaxElementLocator.findElement(AjaxElementLocator.java:70)
	... 32 more
Caused by: org.openqa.selenium.remote.ScreenshotException: Screen shot has been taken
Build info: version: '2.33.0', revision: '4e90c97', time: '2013-05-22 15:32:38'
System info: os.name: 'Windows Vista', os.arch: 'x86', os.version: '6.2', java.version: '1.6.0_01'
Driver info: driver.version: RemoteWebDriver
	at org.openqa.selenium.remote.ErrorHandler.throwIfResponseFailed(ErrorHandler.java:125)
	... 42 more
Caused by: org.openqa.selenium.NoSuchElementException: Unable to locate element: {"method":"xpath","selector":"//div[@class='hyperlink_item'][contains(.,'Opening of Envelope')]"}
Command duration or timeout: 19 milliseconds
For documentation on this error, please visit: http://seleniumhq.org/exceptions/no_such_element.html
Build info: version: '2.33.0', revision: '4e90c97', time: '2013-05-22 15:32:38'
System info: os.name: 'Windows NT (unknown)', os.arch: 'amd64', os.version: '6.2', java.version: '1.6.0_25'
Session ID: cd2fded5-ac1c-4e6c-a2cb-0e40ece75fb6
Driver info: org.openqa.selenium.firefox.FirefoxDriver
Capabilities [{platform=XP, acceptSslCerts=true, javascriptEnabled=true, browserName=firefox, rotatable=false, locationContextEnabled=true, version=24.0, cssSelectorsEnabled=true, databaseEnabled=true, handlesAlerts=true, browserConnectionEnabled=true, nativeEvents=true, webStorageEnabled=true, applicationCacheEnabled=true, takesScreenshot=true}]
For documentation on this error, please visit: http://seleniumhq.org/exceptions/no_such_element.html
Build info: version: '2.33.0', revision: '4e90c97', time: '2013-05-22 15:32:38'
System info: os.name: 'Windows Vista', os.arch: 'x86', os.version: '6.2', java.version: '1.6.0_01'
Driver info: driver.version: EventFiringWebDriver
	at sun.reflect.GeneratedConstructorAccessor11.newInstance(Unknown Source)
	at sun.reflect.DelegatingConstructorAccessorImpl.newInstance(Unknown Source)
	at java.lang.reflect.Constructor.newInstance(Unknown Source)
	at org.openqa.selenium.remote.ErrorHandler.createThrowable(ErrorHandler.java:191)
	at org.openqa.selenium.remote.ErrorHandler.throwIfResponseFailed(ErrorHandler.java:145)
	at org.openqa.selenium.remote.RemoteWebDriver.execute(RemoteWebDriver.java:554)
	at org.openqa.selenium.remote.RemoteWebDriver.findElement(RemoteWebDriver.java:307)
	at org.openqa.selenium.remote.RemoteWebDriver.findElementByXPath(RemoteWebDriver.java:404)
	at org.openqa.selenium.By$ByXPath.findElement(By.java:344)
	at org.openqa.selenium.remote.RemoteWebDriver.findElement(RemoteWebDriver.java:299)
	at sun.reflect.GeneratedMethodAccessor26.invoke(Unknown Source)
	at sun.reflect.DelegatingMethodAccessorImpl.invoke(Unknown Source)
	at java.lang.reflect.Method.invoke(Unknown Source)
	at org.openqa.selenium.support.events.EventFiringWebDriver$2.invoke(EventFiringWebDriver.java:101)
	at $Proxy1.findElement(Unknown Source)
	at org.openqa.selenium.support.events.EventFiringWebDriver.findElement(EventFiringWebDriver.java:180)
	at org.openqa.selenium.remote.server.handler.FindElement.call(FindElement.java:47)
	at org.openqa.selenium.remote.server.handler.FindElement.call(FindElement.java:1)
	at java.util.concurrent.FutureTask$Sync.innerRun(Unknown Source)
	at java.util.concurrent.FutureTask.run(Unknown Source)
	at org.openqa.selenium.remote.server.DefaultSession$1.run(DefaultSession.java:169)
	at java.util.concurrent.ThreadPoolExecutor$Worker.runTask(Unknown Source)
	at java.util.concurrent.ThreadPoolExecutor$Worker.run(Unknown Source)
	at java.lang.Thread.run(Unknown Source)
]]>
    </failure>
  </testcase> <!-- tender_open -->
</testsuite> <!-- Tender Bidding 1 -->
