<?xml version="1.0" encoding="UTF-8"?>
<!-- Generated by org.testng.reporters.JUnitXMLReporter -->
<testsuite hostname="Vira" name="Tender Bidding 4" tests="12" failures="12" timestamp="8 Jul 2014 23:51:30 GMT" time="1426.399" errors="0">
  <testcase name="Tender_bid" time="105.338" classname="com.qcbs.verifications.Tender_bidding">
    <failure type="org.openqa.selenium.NoSuchElementException" message="Timed out after 10 seconds. Unable to locate the element
For documentation on this error, please visit: http://seleniumhq.org/exceptions/no_such_element.html
Build info: version: &amp;apos;2.33.0&amp;apos;, revision: &amp;apos;4e90c97&amp;apos;, time: &amp;apos;2013-05-22 15:32:38&amp;apos;
System info: os.name: &amp;apos;Windows Vista&amp;apos;, os.arch: &amp;apos;x86&amp;apos;, os.version: &amp;apos;6.2&amp;apos;, java.version: &amp;apos;1.6.0_01&amp;apos;
Driver info: driver.version: unknown">
      <![CDATA[org.openqa.selenium.NoSuchElementException: Timed out after 10 seconds. Unable to locate the element
For documentation on this error, please visit: http://seleniumhq.org/exceptions/no_such_element.html
Build info: version: '2.33.0', revision: '4e90c97', time: '2013-05-22 15:32:38'
System info: os.name: 'Windows Vista', os.arch: 'x86', os.version: '6.2', java.version: '1.6.0_01'
Driver info: driver.version: unknown
	at org.openqa.selenium.support.pagefactory.AjaxElementLocator.findElement(AjaxElementLocator.java:72)
	at org.openqa.selenium.support.pagefactory.internal.LocatingElementHandler.invoke(LocatingElementHandler.java:34)
	at $Proxy10.click(Unknown Source)
	at com.qcbs.pages.indexpages.Tender_bid_Indexpage.select_tender_for_bid(Tender_bid_Indexpage.java:385)
	at com.qcbs.verifications.Tender_bidding.Tender_bid(Tender_bidding.java:94)
	at sun.reflect.NativeMethodAccessorImpl.invoke0(Native Method)
	at sun.reflect.NativeMethodAccessorImpl.invoke(NativeMethodAccessorImpl.java:39)
	at sun.reflect.DelegatingMethodAccessorImpl.invoke(DelegatingMethodAccessorImpl.java:25)
	at java.lang.reflect.Method.invoke(Method.java:597)
	at org.testng.internal.MethodInvocationHelper.invokeMethod(MethodInvocationHelper.java:84)
	at org.testng.internal.Invoker.invokeMethod(Invoker.java:714)
	at org.testng.internal.Invoker.invokeTestMethod(Invoker.java:901)
	at org.testng.internal.Invoker.invokeTestMethods(Invoker.java:1231)
	at org.testng.internal.TestMethodWorker.invokeTestMethods(TestMethodWorker.java:127)
	at org.testng.internal.TestMethodWorker.run(TestMethodWorker.java:111)
	at org.testng.TestRunner.privateRun(TestRunner.java:767)
	at org.testng.TestRunner.run(TestRunner.java:617)
	at org.testng.SuiteRunner.runTest(SuiteRunner.java:334)
	at org.testng.SuiteRunner.runSequentially(SuiteRunner.java:329)
	at org.testng.SuiteRunner.privateRun(SuiteRunner.java:291)
	at org.testng.SuiteRunner.run(SuiteRunner.java:240)
	at org.testng.SuiteRunnerWorker.runSuite(SuiteRunnerWorker.java:52)
	at org.testng.SuiteRunnerWorker.run(SuiteRunnerWorker.java:86)
	at org.testng.TestNG.runSuitesSequentially(TestNG.java:1224)
	at org.testng.TestNG.runSuitesLocally(TestNG.java:1149)
	at org.testng.TestNG.run(TestNG.java:1057)
	at org.testng.remote.RemoteTestNG.run(RemoteTestNG.java:111)
	at org.testng.remote.RemoteTestNG.initAndRun(RemoteTestNG.java:204)
	at org.testng.remote.RemoteTestNG.main(RemoteTestNG.java:175)
Caused by: org.openqa.selenium.NoSuchElementException: Unable to locate element: {"method":"xpath","selector":"//table/tbody/tr[1]/td[8]/div/span[1]/img[@title='Respond']"}
Command duration or timeout: 16 milliseconds
For documentation on this error, please visit: http://seleniumhq.org/exceptions/no_such_element.html
Build info: version: '2.33.0', revision: '4e90c97', time: '2013-05-22 15:32:38'
System info: os.name: 'Windows 8', os.arch: 'amd64', os.version: '6.2', java.version: '1.8.0_05'
Driver info: org.openqa.selenium.firefox.FirefoxDriver
Capabilities [{applicationCacheEnabled=true, rotatable=false, handlesAlerts=true, databaseEnabled=true, version=24.0, platform=XP, browserConnectionEnabled=true, nativeEvents=true, acceptSslCerts=true, webStorageEnabled=true, locationContextEnabled=true, browserName=firefox, takesScreenshot=true, javascriptEnabled=true, cssSelectorsEnabled=true}]
Session ID: 7db59b9b-422c-4eb2-ab8b-29be80a1af22
Command duration or timeout: 218 milliseconds
For documentation on this error, please visit: http://seleniumhq.org/exceptions/no_such_element.html
Build info: version: '2.33.0', revision: '4e90c97', time: '2013-05-22 15:32:38'
System info: os.name: 'Windows Vista', os.arch: 'x86', os.version: '6.2', java.version: '1.6.0_01'
Session ID: 551e6385-9960-4e94-ac58-001634d84c7d
Driver info: org.openqa.selenium.remote.RemoteWebDriver
Capabilities [{platform=XP, javascriptEnabled=true, acceptSslCerts=true, browserName=firefox, rotatable=false, locationContextEnabled=true, webdriver.remote.sessionid=551e6385-9960-4e94-ac58-001634d84c7d, version=24.0, cssSelectorsEnabled=true, databaseEnabled=true, handlesAlerts=true, browserConnectionEnabled=true, webStorageEnabled=true, nativeEvents=true, applicationCacheEnabled=true, takesScreenshot=true}]
	at sun.reflect.GeneratedConstructorAccessor727.newInstance(Unknown Source)
	at sun.reflect.DelegatingConstructorAccessorImpl.newInstance(DelegatingConstructorAccessorImpl.java:27)
	at java.lang.reflect.Constructor.newInstance(Constructor.java:513)
	at org.openqa.selenium.remote.ErrorHandler.createThrowable(ErrorHandler.java:191)
	at org.openqa.selenium.remote.ErrorHandler.throwIfResponseFailed(ErrorHandler.java:145)
	at org.openqa.selenium.remote.RemoteWebDriver.execute(RemoteWebDriver.java:554)
	at org.openqa.selenium.remote.RemoteWebDriver.findElement(RemoteWebDriver.java:307)
	at org.openqa.selenium.remote.RemoteWebDriver.findElementByXPath(RemoteWebDriver.java:404)
	at org.openqa.selenium.By$ByXPath.findElement(By.java:344)
	at org.openqa.selenium.remote.RemoteWebDriver.findElement(RemoteWebDriver.java:299)
	at org.openqa.selenium.support.pagefactory.DefaultElementLocator.findElement(DefaultElementLocator.java:59)
	at org.openqa.selenium.support.pagefactory.AjaxElementLocator.access$0(AjaxElementLocator.java:1)
	at org.openqa.selenium.support.pagefactory.AjaxElementLocator$SlowLoadingElement.isLoaded(AjaxElementLocator.java:140)
	at org.openqa.selenium.support.ui.SlowLoadableComponent.get(SlowLoadableComponent.java:70)
	at org.openqa.selenium.support.pagefactory.AjaxElementLocator.findElement(AjaxElementLocator.java:70)
	... 28 more
Caused by: org.openqa.selenium.remote.ScreenshotException: Screen shot has been taken
Build info: version: '2.33.0', revision: '4e90c97', time: '2013-05-22 15:32:38'
System info: os.name: 'Windows Vista', os.arch: 'x86', os.version: '6.2', java.version: '1.6.0_01'
Driver info: driver.version: RemoteWebDriver
	at org.openqa.selenium.remote.ErrorHandler.throwIfResponseFailed(ErrorHandler.java:125)
	... 38 more
Caused by: org.openqa.selenium.NoSuchElementException: Unable to locate element: {"method":"xpath","selector":"//table/tbody/tr[1]/td[8]/div/span[1]/img[@title='Respond']"}
Command duration or timeout: 16 milliseconds
For documentation on this error, please visit: http://seleniumhq.org/exceptions/no_such_element.html
Build info: version: '2.33.0', revision: '4e90c97', time: '2013-05-22 15:32:38'
System info: os.name: 'Windows 8', os.arch: 'amd64', os.version: '6.2', java.version: '1.8.0_05'
Driver info: org.openqa.selenium.firefox.FirefoxDriver
Capabilities [{applicationCacheEnabled=true, rotatable=false, handlesAlerts=true, databaseEnabled=true, version=24.0, platform=XP, browserConnectionEnabled=true, nativeEvents=true, acceptSslCerts=true, webStorageEnabled=true, locationContextEnabled=true, browserName=firefox, takesScreenshot=true, javascriptEnabled=true, cssSelectorsEnabled=true}]
Session ID: 7db59b9b-422c-4eb2-ab8b-29be80a1af22
For documentation on this error, please visit: http://seleniumhq.org/exceptions/no_such_element.html
Build info: version: '2.33.0', revision: '4e90c97', time: '2013-05-22 15:32:38'
System info: os.name: 'Windows Vista', os.arch: 'x86', os.version: '6.2', java.version: '1.6.0_01'
Driver info: driver.version: EventFiringWebDriver
	at sun.reflect.GeneratedConstructorAccessor23.newInstance(Unknown Source)
	at sun.reflect.DelegatingConstructorAccessorImpl.newInstance(Unknown Source)
	at java.lang.reflect.Constructor.newInstance(Unknown Source)
	at org.openqa.selenium.remote.ErrorHandler.createThrowable(ErrorHandler.java:191)
	at org.openqa.selenium.remote.ErrorHandler.throwIfResponseFailed(ErrorHandler.java:145)
	at org.openqa.selenium.remote.RemoteWebDriver.execute(RemoteWebDriver.java:554)
	at org.openqa.selenium.remote.RemoteWebDriver.findElement(RemoteWebDriver.java:307)
	at org.openqa.selenium.remote.RemoteWebDriver.findElementByXPath(RemoteWebDriver.java:404)
	at org.openqa.selenium.By$ByXPath.findElement(By.java:344)
	at org.openqa.selenium.remote.RemoteWebDriver.findElement(RemoteWebDriver.java:299)
	at sun.reflect.GeneratedMethodAccessor22.invoke(Unknown Source)
	at sun.reflect.DelegatingMethodAccessorImpl.invoke(Unknown Source)
	at java.lang.reflect.Method.invoke(Unknown Source)
	at org.openqa.selenium.support.events.EventFiringWebDriver$2.invoke(EventFiringWebDriver.java:101)
	at com.sun.proxy.$Proxy1.findElement(Unknown Source)
	at org.openqa.selenium.support.events.EventFiringWebDriver.findElement(EventFiringWebDriver.java:180)
	at org.openqa.selenium.remote.server.handler.FindElement.call(FindElement.java:47)
	at org.openqa.selenium.remote.server.handler.FindElement.call(FindElement.java:1)
	at java.util.concurrent.FutureTask.run(Unknown Source)
	at org.openqa.selenium.remote.server.DefaultSession$1.run(DefaultSession.java:169)
	at java.util.concurrent.ThreadPoolExecutor.runWorker(Unknown Source)
	at java.util.concurrent.ThreadPoolExecutor$Worker.run(Unknown Source)
	at java.lang.Thread.run(Unknown Source)
]]>
    </failure>
  </testcase> <!-- Tender_bid -->
  <testcase name="Tender_bid" time="104.714" classname="com.qcbs.verifications.Tender_bidding">
    <failure type="org.openqa.selenium.NoSuchElementException" message="Timed out after 10 seconds. Unable to locate the element
For documentation on this error, please visit: http://seleniumhq.org/exceptions/no_such_element.html
Build info: version: &amp;apos;2.33.0&amp;apos;, revision: &amp;apos;4e90c97&amp;apos;, time: &amp;apos;2013-05-22 15:32:38&amp;apos;
System info: os.name: &amp;apos;Windows Vista&amp;apos;, os.arch: &amp;apos;x86&amp;apos;, os.version: &amp;apos;6.2&amp;apos;, java.version: &amp;apos;1.6.0_01&amp;apos;
Driver info: driver.version: unknown">
      <![CDATA[org.openqa.selenium.NoSuchElementException: Timed out after 10 seconds. Unable to locate the element
For documentation on this error, please visit: http://seleniumhq.org/exceptions/no_such_element.html
Build info: version: '2.33.0', revision: '4e90c97', time: '2013-05-22 15:32:38'
System info: os.name: 'Windows Vista', os.arch: 'x86', os.version: '6.2', java.version: '1.6.0_01'
Driver info: driver.version: unknown
	at org.openqa.selenium.support.pagefactory.AjaxElementLocator.findElement(AjaxElementLocator.java:72)
	at org.openqa.selenium.support.pagefactory.internal.LocatingElementHandler.invoke(LocatingElementHandler.java:34)
	at $Proxy10.click(Unknown Source)
	at com.qcbs.pages.indexpages.Tender_bid_Indexpage.select_tender_for_bid(Tender_bid_Indexpage.java:385)
	at com.qcbs.verifications.Tender_bidding.Tender_bid(Tender_bidding.java:94)
	at sun.reflect.GeneratedMethodAccessor448.invoke(Unknown Source)
	at sun.reflect.DelegatingMethodAccessorImpl.invoke(DelegatingMethodAccessorImpl.java:25)
	at java.lang.reflect.Method.invoke(Method.java:597)
	at org.testng.internal.MethodInvocationHelper.invokeMethod(MethodInvocationHelper.java:84)
	at org.testng.internal.Invoker.invokeMethod(Invoker.java:714)
	at org.testng.internal.Invoker.invokeTestMethod(Invoker.java:901)
	at org.testng.internal.Invoker.invokeTestMethods(Invoker.java:1231)
	at org.testng.internal.TestMethodWorker.invokeTestMethods(TestMethodWorker.java:127)
	at org.testng.internal.TestMethodWorker.run(TestMethodWorker.java:111)
	at org.testng.TestRunner.privateRun(TestRunner.java:767)
	at org.testng.TestRunner.run(TestRunner.java:617)
	at org.testng.SuiteRunner.runTest(SuiteRunner.java:334)
	at org.testng.SuiteRunner.runSequentially(SuiteRunner.java:329)
	at org.testng.SuiteRunner.privateRun(SuiteRunner.java:291)
	at org.testng.SuiteRunner.run(SuiteRunner.java:240)
	at org.testng.SuiteRunnerWorker.runSuite(SuiteRunnerWorker.java:52)
	at org.testng.SuiteRunnerWorker.run(SuiteRunnerWorker.java:86)
	at org.testng.TestNG.runSuitesSequentially(TestNG.java:1224)
	at org.testng.TestNG.runSuitesLocally(TestNG.java:1149)
	at org.testng.TestNG.run(TestNG.java:1057)
	at org.testng.remote.RemoteTestNG.run(RemoteTestNG.java:111)
	at org.testng.remote.RemoteTestNG.initAndRun(RemoteTestNG.java:204)
	at org.testng.remote.RemoteTestNG.main(RemoteTestNG.java:175)
Caused by: org.openqa.selenium.NoSuchElementException: Unable to locate element: {"method":"xpath","selector":"//table/tbody/tr[1]/td[8]/div/span[1]/img[@title='Respond']"}
Command duration or timeout: 15 milliseconds
For documentation on this error, please visit: http://seleniumhq.org/exceptions/no_such_element.html
Build info: version: '2.33.0', revision: '4e90c97', time: '2013-05-22 15:32:38'
System info: os.name: 'Windows 8', os.arch: 'amd64', os.version: '6.2', java.version: '1.8.0_05'
Driver info: org.openqa.selenium.firefox.FirefoxDriver
Capabilities [{applicationCacheEnabled=true, rotatable=false, handlesAlerts=true, databaseEnabled=true, version=24.0, platform=XP, browserConnectionEnabled=true, nativeEvents=true, acceptSslCerts=true, webStorageEnabled=true, locationContextEnabled=true, browserName=firefox, takesScreenshot=true, javascriptEnabled=true, cssSelectorsEnabled=true}]
Session ID: 64fb9f4b-da1f-440b-88f1-759796f9e71c
Command duration or timeout: 297 milliseconds
For documentation on this error, please visit: http://seleniumhq.org/exceptions/no_such_element.html
Build info: version: '2.33.0', revision: '4e90c97', time: '2013-05-22 15:32:38'
System info: os.name: 'Windows Vista', os.arch: 'x86', os.version: '6.2', java.version: '1.6.0_01'
Session ID: 04d79487-7232-4836-8284-dc9b75f81d08
Driver info: org.openqa.selenium.remote.RemoteWebDriver
Capabilities [{platform=XP, javascriptEnabled=true, acceptSslCerts=true, browserName=firefox, rotatable=false, locationContextEnabled=true, webdriver.remote.sessionid=04d79487-7232-4836-8284-dc9b75f81d08, version=24.0, cssSelectorsEnabled=true, databaseEnabled=true, handlesAlerts=true, browserConnectionEnabled=true, webStorageEnabled=true, nativeEvents=true, applicationCacheEnabled=true, takesScreenshot=true}]
	at sun.reflect.GeneratedConstructorAccessor733.newInstance(Unknown Source)
	at sun.reflect.DelegatingConstructorAccessorImpl.newInstance(DelegatingConstructorAccessorImpl.java:27)
	at java.lang.reflect.Constructor.newInstance(Constructor.java:513)
	at org.openqa.selenium.remote.ErrorHandler.createThrowable(ErrorHandler.java:191)
	at org.openqa.selenium.remote.ErrorHandler.throwIfResponseFailed(ErrorHandler.java:145)
	at org.openqa.selenium.remote.RemoteWebDriver.execute(RemoteWebDriver.java:554)
	at org.openqa.selenium.remote.RemoteWebDriver.findElement(RemoteWebDriver.java:307)
	at org.openqa.selenium.remote.RemoteWebDriver.findElementByXPath(RemoteWebDriver.java:404)
	at org.openqa.selenium.By$ByXPath.findElement(By.java:344)
	at org.openqa.selenium.remote.RemoteWebDriver.findElement(RemoteWebDriver.java:299)
	at org.openqa.selenium.support.pagefactory.DefaultElementLocator.findElement(DefaultElementLocator.java:59)
	at org.openqa.selenium.support.pagefactory.AjaxElementLocator.access$0(AjaxElementLocator.java:1)
	at org.openqa.selenium.support.pagefactory.AjaxElementLocator$SlowLoadingElement.isLoaded(AjaxElementLocator.java:140)
	at org.openqa.selenium.support.ui.SlowLoadableComponent.get(SlowLoadableComponent.java:70)
	at org.openqa.selenium.support.pagefactory.AjaxElementLocator.findElement(AjaxElementLocator.java:70)
	... 27 more
Caused by: org.openqa.selenium.remote.ScreenshotException: Screen shot has been taken
Build info: version: '2.33.0', revision: '4e90c97', time: '2013-05-22 15:32:38'
System info: os.name: 'Windows Vista', os.arch: 'x86', os.version: '6.2', java.version: '1.6.0_01'
Driver info: driver.version: RemoteWebDriver
	at org.openqa.selenium.remote.ErrorHandler.throwIfResponseFailed(ErrorHandler.java:125)
	... 37 more
Caused by: org.openqa.selenium.NoSuchElementException: Unable to locate element: {"method":"xpath","selector":"//table/tbody/tr[1]/td[8]/div/span[1]/img[@title='Respond']"}
Command duration or timeout: 15 milliseconds
For documentation on this error, please visit: http://seleniumhq.org/exceptions/no_such_element.html
Build info: version: '2.33.0', revision: '4e90c97', time: '2013-05-22 15:32:38'
System info: os.name: 'Windows 8', os.arch: 'amd64', os.version: '6.2', java.version: '1.8.0_05'
Driver info: org.openqa.selenium.firefox.FirefoxDriver
Capabilities [{applicationCacheEnabled=true, rotatable=false, handlesAlerts=true, databaseEnabled=true, version=24.0, platform=XP, browserConnectionEnabled=true, nativeEvents=true, acceptSslCerts=true, webStorageEnabled=true, locationContextEnabled=true, browserName=firefox, takesScreenshot=true, javascriptEnabled=true, cssSelectorsEnabled=true}]
Session ID: 64fb9f4b-da1f-440b-88f1-759796f9e71c
For documentation on this error, please visit: http://seleniumhq.org/exceptions/no_such_element.html
Build info: version: '2.33.0', revision: '4e90c97', time: '2013-05-22 15:32:38'
System info: os.name: 'Windows Vista', os.arch: 'x86', os.version: '6.2', java.version: '1.6.0_01'
Driver info: driver.version: EventFiringWebDriver
	at sun.reflect.GeneratedConstructorAccessor23.newInstance(Unknown Source)
	at sun.reflect.DelegatingConstructorAccessorImpl.newInstance(Unknown Source)
	at java.lang.reflect.Constructor.newInstance(Unknown Source)
	at org.openqa.selenium.remote.ErrorHandler.createThrowable(ErrorHandler.java:191)
	at org.openqa.selenium.remote.ErrorHandler.throwIfResponseFailed(ErrorHandler.java:145)
	at org.openqa.selenium.remote.RemoteWebDriver.execute(RemoteWebDriver.java:554)
	at org.openqa.selenium.remote.RemoteWebDriver.findElement(RemoteWebDriver.java:307)
	at org.openqa.selenium.remote.RemoteWebDriver.findElementByXPath(RemoteWebDriver.java:404)
	at org.openqa.selenium.By$ByXPath.findElement(By.java:344)
	at org.openqa.selenium.remote.RemoteWebDriver.findElement(RemoteWebDriver.java:299)
	at sun.reflect.GeneratedMethodAccessor22.invoke(Unknown Source)
	at sun.reflect.DelegatingMethodAccessorImpl.invoke(Unknown Source)
	at java.lang.reflect.Method.invoke(Unknown Source)
	at org.openqa.selenium.support.events.EventFiringWebDriver$2.invoke(EventFiringWebDriver.java:101)
	at com.sun.proxy.$Proxy1.findElement(Unknown Source)
	at org.openqa.selenium.support.events.EventFiringWebDriver.findElement(EventFiringWebDriver.java:180)
	at org.openqa.selenium.remote.server.handler.FindElement.call(FindElement.java:47)
	at org.openqa.selenium.remote.server.handler.FindElement.call(FindElement.java:1)
	at java.util.concurrent.FutureTask.run(Unknown Source)
	at org.openqa.selenium.remote.server.DefaultSession$1.run(DefaultSession.java:169)
	at java.util.concurrent.ThreadPoolExecutor.runWorker(Unknown Source)
	at java.util.concurrent.ThreadPoolExecutor$Worker.run(Unknown Source)
	at java.lang.Thread.run(Unknown Source)
]]>
    </failure>
  </testcase> <!-- Tender_bid -->
  <testcase name="Tender_bid" time="106.073" classname="com.qcbs.verifications.Tender_bidding">
    <failure type="org.openqa.selenium.NoSuchElementException" message="Timed out after 10 seconds. Unable to locate the element
For documentation on this error, please visit: http://seleniumhq.org/exceptions/no_such_element.html
Build info: version: &amp;apos;2.33.0&amp;apos;, revision: &amp;apos;4e90c97&amp;apos;, time: &amp;apos;2013-05-22 15:32:38&amp;apos;
System info: os.name: &amp;apos;Windows Vista&amp;apos;, os.arch: &amp;apos;x86&amp;apos;, os.version: &amp;apos;6.2&amp;apos;, java.version: &amp;apos;1.6.0_01&amp;apos;
Driver info: driver.version: unknown">
      <![CDATA[org.openqa.selenium.NoSuchElementException: Timed out after 10 seconds. Unable to locate the element
For documentation on this error, please visit: http://seleniumhq.org/exceptions/no_such_element.html
Build info: version: '2.33.0', revision: '4e90c97', time: '2013-05-22 15:32:38'
System info: os.name: 'Windows Vista', os.arch: 'x86', os.version: '6.2', java.version: '1.6.0_01'
Driver info: driver.version: unknown
	at org.openqa.selenium.support.pagefactory.AjaxElementLocator.findElement(AjaxElementLocator.java:72)
	at org.openqa.selenium.support.pagefactory.internal.LocatingElementHandler.invoke(LocatingElementHandler.java:34)
	at $Proxy10.click(Unknown Source)
	at com.qcbs.pages.indexpages.Tender_bid_Indexpage.select_tender_for_bid(Tender_bid_Indexpage.java:385)
	at com.qcbs.verifications.Tender_bidding.Tender_bid(Tender_bidding.java:94)
	at sun.reflect.GeneratedMethodAccessor448.invoke(Unknown Source)
	at sun.reflect.DelegatingMethodAccessorImpl.invoke(DelegatingMethodAccessorImpl.java:25)
	at java.lang.reflect.Method.invoke(Method.java:597)
	at org.testng.internal.MethodInvocationHelper.invokeMethod(MethodInvocationHelper.java:84)
	at org.testng.internal.Invoker.invokeMethod(Invoker.java:714)
	at org.testng.internal.Invoker.invokeTestMethod(Invoker.java:901)
	at org.testng.internal.Invoker.invokeTestMethods(Invoker.java:1231)
	at org.testng.internal.TestMethodWorker.invokeTestMethods(TestMethodWorker.java:127)
	at org.testng.internal.TestMethodWorker.run(TestMethodWorker.java:111)
	at org.testng.TestRunner.privateRun(TestRunner.java:767)
	at org.testng.TestRunner.run(TestRunner.java:617)
	at org.testng.SuiteRunner.runTest(SuiteRunner.java:334)
	at org.testng.SuiteRunner.runSequentially(SuiteRunner.java:329)
	at org.testng.SuiteRunner.privateRun(SuiteRunner.java:291)
	at org.testng.SuiteRunner.run(SuiteRunner.java:240)
	at org.testng.SuiteRunnerWorker.runSuite(SuiteRunnerWorker.java:52)
	at org.testng.SuiteRunnerWorker.run(SuiteRunnerWorker.java:86)
	at org.testng.TestNG.runSuitesSequentially(TestNG.java:1224)
	at org.testng.TestNG.runSuitesLocally(TestNG.java:1149)
	at org.testng.TestNG.run(TestNG.java:1057)
	at org.testng.remote.RemoteTestNG.run(RemoteTestNG.java:111)
	at org.testng.remote.RemoteTestNG.initAndRun(RemoteTestNG.java:204)
	at org.testng.remote.RemoteTestNG.main(RemoteTestNG.java:175)
Caused by: org.openqa.selenium.NoSuchElementException: Unable to locate element: {"method":"xpath","selector":"//table/tbody/tr[1]/td[8]/div/span[1]/img[@title='Respond']"}
Command duration or timeout: 16 milliseconds
For documentation on this error, please visit: http://seleniumhq.org/exceptions/no_such_element.html
Build info: version: '2.33.0', revision: '4e90c97', time: '2013-05-22 15:32:38'
System info: os.name: 'Windows 8', os.arch: 'amd64', os.version: '6.2', java.version: '1.8.0_05'
Driver info: org.openqa.selenium.firefox.FirefoxDriver
Capabilities [{applicationCacheEnabled=true, rotatable=false, handlesAlerts=true, databaseEnabled=true, version=24.0, platform=XP, browserConnectionEnabled=true, nativeEvents=true, acceptSslCerts=true, webStorageEnabled=true, locationContextEnabled=true, browserName=firefox, takesScreenshot=true, javascriptEnabled=true, cssSelectorsEnabled=true}]
Session ID: 0b4c7fec-cc1f-4cac-b5f3-505cb096abd5
Command duration or timeout: 250 milliseconds
For documentation on this error, please visit: http://seleniumhq.org/exceptions/no_such_element.html
Build info: version: '2.33.0', revision: '4e90c97', time: '2013-05-22 15:32:38'
System info: os.name: 'Windows Vista', os.arch: 'x86', os.version: '6.2', java.version: '1.6.0_01'
Session ID: 75a06b82-d623-47e5-a4de-449e1a2bf305
Driver info: org.openqa.selenium.remote.RemoteWebDriver
Capabilities [{platform=XP, javascriptEnabled=true, acceptSslCerts=true, browserName=firefox, rotatable=false, locationContextEnabled=true, webdriver.remote.sessionid=75a06b82-d623-47e5-a4de-449e1a2bf305, version=24.0, cssSelectorsEnabled=true, databaseEnabled=true, handlesAlerts=true, browserConnectionEnabled=true, webStorageEnabled=true, nativeEvents=true, applicationCacheEnabled=true, takesScreenshot=true}]
	at sun.reflect.GeneratedConstructorAccessor733.newInstance(Unknown Source)
	at sun.reflect.DelegatingConstructorAccessorImpl.newInstance(DelegatingConstructorAccessorImpl.java:27)
	at java.lang.reflect.Constructor.newInstance(Constructor.java:513)
	at org.openqa.selenium.remote.ErrorHandler.createThrowable(ErrorHandler.java:191)
	at org.openqa.selenium.remote.ErrorHandler.throwIfResponseFailed(ErrorHandler.java:145)
	at org.openqa.selenium.remote.RemoteWebDriver.execute(RemoteWebDriver.java:554)
	at org.openqa.selenium.remote.RemoteWebDriver.findElement(RemoteWebDriver.java:307)
	at org.openqa.selenium.remote.RemoteWebDriver.findElementByXPath(RemoteWebDriver.java:404)
	at org.openqa.selenium.By$ByXPath.findElement(By.java:344)
	at org.openqa.selenium.remote.RemoteWebDriver.findElement(RemoteWebDriver.java:299)
	at org.openqa.selenium.support.pagefactory.DefaultElementLocator.findElement(DefaultElementLocator.java:59)
	at org.openqa.selenium.support.pagefactory.AjaxElementLocator.access$0(AjaxElementLocator.java:1)
	at org.openqa.selenium.support.pagefactory.AjaxElementLocator$SlowLoadingElement.isLoaded(AjaxElementLocator.java:140)
	at org.openqa.selenium.support.ui.SlowLoadableComponent.get(SlowLoadableComponent.java:70)
	at org.openqa.selenium.support.pagefactory.AjaxElementLocator.findElement(AjaxElementLocator.java:70)
	... 27 more
Caused by: org.openqa.selenium.remote.ScreenshotException: Screen shot has been taken
Build info: version: '2.33.0', revision: '4e90c97', time: '2013-05-22 15:32:38'
System info: os.name: 'Windows Vista', os.arch: 'x86', os.version: '6.2', java.version: '1.6.0_01'
Driver info: driver.version: RemoteWebDriver
	at org.openqa.selenium.remote.ErrorHandler.throwIfResponseFailed(ErrorHandler.java:125)
	... 37 more
Caused by: org.openqa.selenium.NoSuchElementException: Unable to locate element: {"method":"xpath","selector":"//table/tbody/tr[1]/td[8]/div/span[1]/img[@title='Respond']"}
Command duration or timeout: 16 milliseconds
For documentation on this error, please visit: http://seleniumhq.org/exceptions/no_such_element.html
Build info: version: '2.33.0', revision: '4e90c97', time: '2013-05-22 15:32:38'
System info: os.name: 'Windows 8', os.arch: 'amd64', os.version: '6.2', java.version: '1.8.0_05'
Driver info: org.openqa.selenium.firefox.FirefoxDriver
Capabilities [{applicationCacheEnabled=true, rotatable=false, handlesAlerts=true, databaseEnabled=true, version=24.0, platform=XP, browserConnectionEnabled=true, nativeEvents=true, acceptSslCerts=true, webStorageEnabled=true, locationContextEnabled=true, browserName=firefox, takesScreenshot=true, javascriptEnabled=true, cssSelectorsEnabled=true}]
Session ID: 0b4c7fec-cc1f-4cac-b5f3-505cb096abd5
For documentation on this error, please visit: http://seleniumhq.org/exceptions/no_such_element.html
Build info: version: '2.33.0', revision: '4e90c97', time: '2013-05-22 15:32:38'
System info: os.name: 'Windows Vista', os.arch: 'x86', os.version: '6.2', java.version: '1.6.0_01'
Driver info: driver.version: EventFiringWebDriver
	at sun.reflect.GeneratedConstructorAccessor23.newInstance(Unknown Source)
	at sun.reflect.DelegatingConstructorAccessorImpl.newInstance(Unknown Source)
	at java.lang.reflect.Constructor.newInstance(Unknown Source)
	at org.openqa.selenium.remote.ErrorHandler.createThrowable(ErrorHandler.java:191)
	at org.openqa.selenium.remote.ErrorHandler.throwIfResponseFailed(ErrorHandler.java:145)
	at org.openqa.selenium.remote.RemoteWebDriver.execute(RemoteWebDriver.java:554)
	at org.openqa.selenium.remote.RemoteWebDriver.findElement(RemoteWebDriver.java:307)
	at org.openqa.selenium.remote.RemoteWebDriver.findElementByXPath(RemoteWebDriver.java:404)
	at org.openqa.selenium.By$ByXPath.findElement(By.java:344)
	at org.openqa.selenium.remote.RemoteWebDriver.findElement(RemoteWebDriver.java:299)
	at sun.reflect.GeneratedMethodAccessor22.invoke(Unknown Source)
	at sun.reflect.DelegatingMethodAccessorImpl.invoke(Unknown Source)
	at java.lang.reflect.Method.invoke(Unknown Source)
	at org.openqa.selenium.support.events.EventFiringWebDriver$2.invoke(EventFiringWebDriver.java:101)
	at com.sun.proxy.$Proxy1.findElement(Unknown Source)
	at org.openqa.selenium.support.events.EventFiringWebDriver.findElement(EventFiringWebDriver.java:180)
	at org.openqa.selenium.remote.server.handler.FindElement.call(FindElement.java:47)
	at org.openqa.selenium.remote.server.handler.FindElement.call(FindElement.java:1)
	at java.util.concurrent.FutureTask.run(Unknown Source)
	at org.openqa.selenium.remote.server.DefaultSession$1.run(DefaultSession.java:169)
	at java.util.concurrent.ThreadPoolExecutor.runWorker(Unknown Source)
	at java.util.concurrent.ThreadPoolExecutor$Worker.run(Unknown Source)
	at java.lang.Thread.run(Unknown Source)
]]>
    </failure>
  </testcase> <!-- Tender_bid -->
  <testcase name="Tender_bid" time="105.214" classname="com.qcbs.verifications.Tender_bidding">
    <failure type="org.openqa.selenium.NoSuchElementException" message="Timed out after 10 seconds. Unable to locate the element
For documentation on this error, please visit: http://seleniumhq.org/exceptions/no_such_element.html
Build info: version: &amp;apos;2.33.0&amp;apos;, revision: &amp;apos;4e90c97&amp;apos;, time: &amp;apos;2013-05-22 15:32:38&amp;apos;
System info: os.name: &amp;apos;Windows Vista&amp;apos;, os.arch: &amp;apos;x86&amp;apos;, os.version: &amp;apos;6.2&amp;apos;, java.version: &amp;apos;1.6.0_01&amp;apos;
Driver info: driver.version: unknown">
      <![CDATA[org.openqa.selenium.NoSuchElementException: Timed out after 10 seconds. Unable to locate the element
For documentation on this error, please visit: http://seleniumhq.org/exceptions/no_such_element.html
Build info: version: '2.33.0', revision: '4e90c97', time: '2013-05-22 15:32:38'
System info: os.name: 'Windows Vista', os.arch: 'x86', os.version: '6.2', java.version: '1.6.0_01'
Driver info: driver.version: unknown
	at org.openqa.selenium.support.pagefactory.AjaxElementLocator.findElement(AjaxElementLocator.java:72)
	at org.openqa.selenium.support.pagefactory.internal.LocatingElementHandler.invoke(LocatingElementHandler.java:34)
	at $Proxy10.click(Unknown Source)
	at com.qcbs.pages.indexpages.Tender_bid_Indexpage.select_tender_for_bid(Tender_bid_Indexpage.java:385)
	at com.qcbs.verifications.Tender_bidding.Tender_bid(Tender_bidding.java:94)
	at sun.reflect.GeneratedMethodAccessor448.invoke(Unknown Source)
	at sun.reflect.DelegatingMethodAccessorImpl.invoke(DelegatingMethodAccessorImpl.java:25)
	at java.lang.reflect.Method.invoke(Method.java:597)
	at org.testng.internal.MethodInvocationHelper.invokeMethod(MethodInvocationHelper.java:84)
	at org.testng.internal.Invoker.invokeMethod(Invoker.java:714)
	at org.testng.internal.Invoker.invokeTestMethod(Invoker.java:901)
	at org.testng.internal.Invoker.invokeTestMethods(Invoker.java:1231)
	at org.testng.internal.TestMethodWorker.invokeTestMethods(TestMethodWorker.java:127)
	at org.testng.internal.TestMethodWorker.run(TestMethodWorker.java:111)
	at org.testng.TestRunner.privateRun(TestRunner.java:767)
	at org.testng.TestRunner.run(TestRunner.java:617)
	at org.testng.SuiteRunner.runTest(SuiteRunner.java:334)
	at org.testng.SuiteRunner.runSequentially(SuiteRunner.java:329)
	at org.testng.SuiteRunner.privateRun(SuiteRunner.java:291)
	at org.testng.SuiteRunner.run(SuiteRunner.java:240)
	at org.testng.SuiteRunnerWorker.runSuite(SuiteRunnerWorker.java:52)
	at org.testng.SuiteRunnerWorker.run(SuiteRunnerWorker.java:86)
	at org.testng.TestNG.runSuitesSequentially(TestNG.java:1224)
	at org.testng.TestNG.runSuitesLocally(TestNG.java:1149)
	at org.testng.TestNG.run(TestNG.java:1057)
	at org.testng.remote.RemoteTestNG.run(RemoteTestNG.java:111)
	at org.testng.remote.RemoteTestNG.initAndRun(RemoteTestNG.java:204)
	at org.testng.remote.RemoteTestNG.main(RemoteTestNG.java:175)
Caused by: org.openqa.selenium.NoSuchElementException: Unable to locate element: {"method":"xpath","selector":"//table/tbody/tr[1]/td[8]/div/span[1]/img[@title='Respond']"}
Command duration or timeout: 15 milliseconds
For documentation on this error, please visit: http://seleniumhq.org/exceptions/no_such_element.html
Build info: version: '2.33.0', revision: '4e90c97', time: '2013-05-22 15:32:38'
System info: os.name: 'Windows 8', os.arch: 'amd64', os.version: '6.2', java.version: '1.8.0_05'
Driver info: org.openqa.selenium.firefox.FirefoxDriver
Capabilities [{applicationCacheEnabled=true, rotatable=false, handlesAlerts=true, databaseEnabled=true, version=24.0, platform=XP, browserConnectionEnabled=true, nativeEvents=true, acceptSslCerts=true, webStorageEnabled=true, locationContextEnabled=true, browserName=firefox, takesScreenshot=true, javascriptEnabled=true, cssSelectorsEnabled=true}]
Session ID: 9414609d-7bef-475a-98af-42e490a25a8e
Command duration or timeout: 219 milliseconds
For documentation on this error, please visit: http://seleniumhq.org/exceptions/no_such_element.html
Build info: version: '2.33.0', revision: '4e90c97', time: '2013-05-22 15:32:38'
System info: os.name: 'Windows Vista', os.arch: 'x86', os.version: '6.2', java.version: '1.6.0_01'
Session ID: 848418b5-0009-49c4-9de5-77661d82b19b
Driver info: org.openqa.selenium.remote.RemoteWebDriver
Capabilities [{platform=XP, javascriptEnabled=true, acceptSslCerts=true, browserName=firefox, rotatable=false, locationContextEnabled=true, webdriver.remote.sessionid=848418b5-0009-49c4-9de5-77661d82b19b, version=24.0, cssSelectorsEnabled=true, databaseEnabled=true, handlesAlerts=true, browserConnectionEnabled=true, webStorageEnabled=true, nativeEvents=true, applicationCacheEnabled=true, takesScreenshot=true}]
	at sun.reflect.GeneratedConstructorAccessor733.newInstance(Unknown Source)
	at sun.reflect.DelegatingConstructorAccessorImpl.newInstance(DelegatingConstructorAccessorImpl.java:27)
	at java.lang.reflect.Constructor.newInstance(Constructor.java:513)
	at org.openqa.selenium.remote.ErrorHandler.createThrowable(ErrorHandler.java:191)
	at org.openqa.selenium.remote.ErrorHandler.throwIfResponseFailed(ErrorHandler.java:145)
	at org.openqa.selenium.remote.RemoteWebDriver.execute(RemoteWebDriver.java:554)
	at org.openqa.selenium.remote.RemoteWebDriver.findElement(RemoteWebDriver.java:307)
	at org.openqa.selenium.remote.RemoteWebDriver.findElementByXPath(RemoteWebDriver.java:404)
	at org.openqa.selenium.By$ByXPath.findElement(By.java:344)
	at org.openqa.selenium.remote.RemoteWebDriver.findElement(RemoteWebDriver.java:299)
	at org.openqa.selenium.support.pagefactory.DefaultElementLocator.findElement(DefaultElementLocator.java:59)
	at org.openqa.selenium.support.pagefactory.AjaxElementLocator.access$0(AjaxElementLocator.java:1)
	at org.openqa.selenium.support.pagefactory.AjaxElementLocator$SlowLoadingElement.isLoaded(AjaxElementLocator.java:140)
	at org.openqa.selenium.support.ui.SlowLoadableComponent.get(SlowLoadableComponent.java:70)
	at org.openqa.selenium.support.pagefactory.AjaxElementLocator.findElement(AjaxElementLocator.java:70)
	... 27 more
Caused by: org.openqa.selenium.remote.ScreenshotException: Screen shot has been taken
Build info: version: '2.33.0', revision: '4e90c97', time: '2013-05-22 15:32:38'
System info: os.name: 'Windows Vista', os.arch: 'x86', os.version: '6.2', java.version: '1.6.0_01'
Driver info: driver.version: RemoteWebDriver
	at org.openqa.selenium.remote.ErrorHandler.throwIfResponseFailed(ErrorHandler.java:125)
	... 37 more
Caused by: org.openqa.selenium.NoSuchElementException: Unable to locate element: {"method":"xpath","selector":"//table/tbody/tr[1]/td[8]/div/span[1]/img[@title='Respond']"}
Command duration or timeout: 15 milliseconds
For documentation on this error, please visit: http://seleniumhq.org/exceptions/no_such_element.html
Build info: version: '2.33.0', revision: '4e90c97', time: '2013-05-22 15:32:38'
System info: os.name: 'Windows 8', os.arch: 'amd64', os.version: '6.2', java.version: '1.8.0_05'
Driver info: org.openqa.selenium.firefox.FirefoxDriver
Capabilities [{applicationCacheEnabled=true, rotatable=false, handlesAlerts=true, databaseEnabled=true, version=24.0, platform=XP, browserConnectionEnabled=true, nativeEvents=true, acceptSslCerts=true, webStorageEnabled=true, locationContextEnabled=true, browserName=firefox, takesScreenshot=true, javascriptEnabled=true, cssSelectorsEnabled=true}]
Session ID: 9414609d-7bef-475a-98af-42e490a25a8e
For documentation on this error, please visit: http://seleniumhq.org/exceptions/no_such_element.html
Build info: version: '2.33.0', revision: '4e90c97', time: '2013-05-22 15:32:38'
System info: os.name: 'Windows Vista', os.arch: 'x86', os.version: '6.2', java.version: '1.6.0_01'
Driver info: driver.version: EventFiringWebDriver
	at sun.reflect.GeneratedConstructorAccessor23.newInstance(Unknown Source)
	at sun.reflect.DelegatingConstructorAccessorImpl.newInstance(Unknown Source)
	at java.lang.reflect.Constructor.newInstance(Unknown Source)
	at org.openqa.selenium.remote.ErrorHandler.createThrowable(ErrorHandler.java:191)
	at org.openqa.selenium.remote.ErrorHandler.throwIfResponseFailed(ErrorHandler.java:145)
	at org.openqa.selenium.remote.RemoteWebDriver.execute(RemoteWebDriver.java:554)
	at org.openqa.selenium.remote.RemoteWebDriver.findElement(RemoteWebDriver.java:307)
	at org.openqa.selenium.remote.RemoteWebDriver.findElementByXPath(RemoteWebDriver.java:404)
	at org.openqa.selenium.By$ByXPath.findElement(By.java:344)
	at org.openqa.selenium.remote.RemoteWebDriver.findElement(RemoteWebDriver.java:299)
	at sun.reflect.GeneratedMethodAccessor22.invoke(Unknown Source)
	at sun.reflect.DelegatingMethodAccessorImpl.invoke(Unknown Source)
	at java.lang.reflect.Method.invoke(Unknown Source)
	at org.openqa.selenium.support.events.EventFiringWebDriver$2.invoke(EventFiringWebDriver.java:101)
	at com.sun.proxy.$Proxy1.findElement(Unknown Source)
	at org.openqa.selenium.support.events.EventFiringWebDriver.findElement(EventFiringWebDriver.java:180)
	at org.openqa.selenium.remote.server.handler.FindElement.call(FindElement.java:47)
	at org.openqa.selenium.remote.server.handler.FindElement.call(FindElement.java:1)
	at java.util.concurrent.FutureTask.run(Unknown Source)
	at org.openqa.selenium.remote.server.DefaultSession$1.run(DefaultSession.java:169)
	at java.util.concurrent.ThreadPoolExecutor.runWorker(Unknown Source)
	at java.util.concurrent.ThreadPoolExecutor$Worker.run(Unknown Source)
	at java.lang.Thread.run(Unknown Source)
]]>
    </failure>
  </testcase> <!-- Tender_bid -->
  <testcase name="Tender_bid" time="105.307" classname="com.qcbs.verifications.Tender_bidding">
    <failure type="org.openqa.selenium.NoSuchElementException" message="Timed out after 10 seconds. Unable to locate the element
For documentation on this error, please visit: http://seleniumhq.org/exceptions/no_such_element.html
Build info: version: &amp;apos;2.33.0&amp;apos;, revision: &amp;apos;4e90c97&amp;apos;, time: &amp;apos;2013-05-22 15:32:38&amp;apos;
System info: os.name: &amp;apos;Windows Vista&amp;apos;, os.arch: &amp;apos;x86&amp;apos;, os.version: &amp;apos;6.2&amp;apos;, java.version: &amp;apos;1.6.0_01&amp;apos;
Driver info: driver.version: unknown">
      <![CDATA[org.openqa.selenium.NoSuchElementException: Timed out after 10 seconds. Unable to locate the element
For documentation on this error, please visit: http://seleniumhq.org/exceptions/no_such_element.html
Build info: version: '2.33.0', revision: '4e90c97', time: '2013-05-22 15:32:38'
System info: os.name: 'Windows Vista', os.arch: 'x86', os.version: '6.2', java.version: '1.6.0_01'
Driver info: driver.version: unknown
	at org.openqa.selenium.support.pagefactory.AjaxElementLocator.findElement(AjaxElementLocator.java:72)
	at org.openqa.selenium.support.pagefactory.internal.LocatingElementHandler.invoke(LocatingElementHandler.java:34)
	at $Proxy10.click(Unknown Source)
	at com.qcbs.pages.indexpages.Tender_bid_Indexpage.select_tender_for_bid(Tender_bid_Indexpage.java:385)
	at com.qcbs.verifications.Tender_bidding.Tender_bid(Tender_bidding.java:94)
	at sun.reflect.GeneratedMethodAccessor448.invoke(Unknown Source)
	at sun.reflect.DelegatingMethodAccessorImpl.invoke(DelegatingMethodAccessorImpl.java:25)
	at java.lang.reflect.Method.invoke(Method.java:597)
	at org.testng.internal.MethodInvocationHelper.invokeMethod(MethodInvocationHelper.java:84)
	at org.testng.internal.Invoker.invokeMethod(Invoker.java:714)
	at org.testng.internal.Invoker.invokeTestMethod(Invoker.java:901)
	at org.testng.internal.Invoker.invokeTestMethods(Invoker.java:1231)
	at org.testng.internal.TestMethodWorker.invokeTestMethods(TestMethodWorker.java:127)
	at org.testng.internal.TestMethodWorker.run(TestMethodWorker.java:111)
	at org.testng.TestRunner.privateRun(TestRunner.java:767)
	at org.testng.TestRunner.run(TestRunner.java:617)
	at org.testng.SuiteRunner.runTest(SuiteRunner.java:334)
	at org.testng.SuiteRunner.runSequentially(SuiteRunner.java:329)
	at org.testng.SuiteRunner.privateRun(SuiteRunner.java:291)
	at org.testng.SuiteRunner.run(SuiteRunner.java:240)
	at org.testng.SuiteRunnerWorker.runSuite(SuiteRunnerWorker.java:52)
	at org.testng.SuiteRunnerWorker.run(SuiteRunnerWorker.java:86)
	at org.testng.TestNG.runSuitesSequentially(TestNG.java:1224)
	at org.testng.TestNG.runSuitesLocally(TestNG.java:1149)
	at org.testng.TestNG.run(TestNG.java:1057)
	at org.testng.remote.RemoteTestNG.run(RemoteTestNG.java:111)
	at org.testng.remote.RemoteTestNG.initAndRun(RemoteTestNG.java:204)
	at org.testng.remote.RemoteTestNG.main(RemoteTestNG.java:175)
Caused by: org.openqa.selenium.NoSuchElementException: Unable to locate element: {"method":"xpath","selector":"//table/tbody/tr[1]/td[8]/div/span[1]/img[@title='Respond']"}
Command duration or timeout: 15 milliseconds
For documentation on this error, please visit: http://seleniumhq.org/exceptions/no_such_element.html
Build info: version: '2.33.0', revision: '4e90c97', time: '2013-05-22 15:32:38'
System info: os.name: 'Windows 8', os.arch: 'amd64', os.version: '6.2', java.version: '1.8.0_05'
Driver info: org.openqa.selenium.firefox.FirefoxDriver
Capabilities [{applicationCacheEnabled=true, rotatable=false, handlesAlerts=true, databaseEnabled=true, version=24.0, platform=XP, browserConnectionEnabled=true, nativeEvents=true, acceptSslCerts=true, webStorageEnabled=true, locationContextEnabled=true, browserName=firefox, takesScreenshot=true, javascriptEnabled=true, cssSelectorsEnabled=true}]
Session ID: 5fa0d999-8427-40ad-a843-63e28e4e46ad
Command duration or timeout: 203 milliseconds
For documentation on this error, please visit: http://seleniumhq.org/exceptions/no_such_element.html
Build info: version: '2.33.0', revision: '4e90c97', time: '2013-05-22 15:32:38'
System info: os.name: 'Windows Vista', os.arch: 'x86', os.version: '6.2', java.version: '1.6.0_01'
Session ID: 649acc6a-cda2-41f7-8f9b-2138b0c0f366
Driver info: org.openqa.selenium.remote.RemoteWebDriver
Capabilities [{platform=XP, javascriptEnabled=true, acceptSslCerts=true, browserName=firefox, rotatable=false, locationContextEnabled=true, webdriver.remote.sessionid=649acc6a-cda2-41f7-8f9b-2138b0c0f366, version=24.0, cssSelectorsEnabled=true, databaseEnabled=true, handlesAlerts=true, browserConnectionEnabled=true, webStorageEnabled=true, nativeEvents=true, applicationCacheEnabled=true, takesScreenshot=true}]
	at sun.reflect.GeneratedConstructorAccessor745.newInstance(Unknown Source)
	at sun.reflect.DelegatingConstructorAccessorImpl.newInstance(DelegatingConstructorAccessorImpl.java:27)
	at java.lang.reflect.Constructor.newInstance(Constructor.java:513)
	at org.openqa.selenium.remote.ErrorHandler.createThrowable(ErrorHandler.java:191)
	at org.openqa.selenium.remote.ErrorHandler.throwIfResponseFailed(ErrorHandler.java:145)
	at org.openqa.selenium.remote.RemoteWebDriver.execute(RemoteWebDriver.java:554)
	at org.openqa.selenium.remote.RemoteWebDriver.findElement(RemoteWebDriver.java:307)
	at org.openqa.selenium.remote.RemoteWebDriver.findElementByXPath(RemoteWebDriver.java:404)
	at org.openqa.selenium.By$ByXPath.findElement(By.java:344)
	at org.openqa.selenium.remote.RemoteWebDriver.findElement(RemoteWebDriver.java:299)
	at org.openqa.selenium.support.pagefactory.DefaultElementLocator.findElement(DefaultElementLocator.java:59)
	at org.openqa.selenium.support.pagefactory.AjaxElementLocator.access$0(AjaxElementLocator.java:1)
	at org.openqa.selenium.support.pagefactory.AjaxElementLocator$SlowLoadingElement.isLoaded(AjaxElementLocator.java:140)
	at org.openqa.selenium.support.ui.SlowLoadableComponent.get(SlowLoadableComponent.java:70)
	at org.openqa.selenium.support.pagefactory.AjaxElementLocator.findElement(AjaxElementLocator.java:70)
	... 27 more
Caused by: org.openqa.selenium.remote.ScreenshotException: Screen shot has been taken
Build info: version: '2.33.0', revision: '4e90c97', time: '2013-05-22 15:32:38'
System info: os.name: 'Windows Vista', os.arch: 'x86', os.version: '6.2', java.version: '1.6.0_01'
Driver info: driver.version: RemoteWebDriver
	at org.openqa.selenium.remote.ErrorHandler.throwIfResponseFailed(ErrorHandler.java:125)
	... 37 more
Caused by: org.openqa.selenium.NoSuchElementException: Unable to locate element: {"method":"xpath","selector":"//table/tbody/tr[1]/td[8]/div/span[1]/img[@title='Respond']"}
Command duration or timeout: 15 milliseconds
For documentation on this error, please visit: http://seleniumhq.org/exceptions/no_such_element.html
Build info: version: '2.33.0', revision: '4e90c97', time: '2013-05-22 15:32:38'
System info: os.name: 'Windows 8', os.arch: 'amd64', os.version: '6.2', java.version: '1.8.0_05'
Driver info: org.openqa.selenium.firefox.FirefoxDriver
Capabilities [{applicationCacheEnabled=true, rotatable=false, handlesAlerts=true, databaseEnabled=true, version=24.0, platform=XP, browserConnectionEnabled=true, nativeEvents=true, acceptSslCerts=true, webStorageEnabled=true, locationContextEnabled=true, browserName=firefox, takesScreenshot=true, javascriptEnabled=true, cssSelectorsEnabled=true}]
Session ID: 5fa0d999-8427-40ad-a843-63e28e4e46ad
For documentation on this error, please visit: http://seleniumhq.org/exceptions/no_such_element.html
Build info: version: '2.33.0', revision: '4e90c97', time: '2013-05-22 15:32:38'
System info: os.name: 'Windows Vista', os.arch: 'x86', os.version: '6.2', java.version: '1.6.0_01'
Driver info: driver.version: EventFiringWebDriver
	at sun.reflect.GeneratedConstructorAccessor23.newInstance(Unknown Source)
	at sun.reflect.DelegatingConstructorAccessorImpl.newInstance(Unknown Source)
	at java.lang.reflect.Constructor.newInstance(Unknown Source)
	at org.openqa.selenium.remote.ErrorHandler.createThrowable(ErrorHandler.java:191)
	at org.openqa.selenium.remote.ErrorHandler.throwIfResponseFailed(ErrorHandler.java:145)
	at org.openqa.selenium.remote.RemoteWebDriver.execute(RemoteWebDriver.java:554)
	at org.openqa.selenium.remote.RemoteWebDriver.findElement(RemoteWebDriver.java:307)
	at org.openqa.selenium.remote.RemoteWebDriver.findElementByXPath(RemoteWebDriver.java:404)
	at org.openqa.selenium.By$ByXPath.findElement(By.java:344)
	at org.openqa.selenium.remote.RemoteWebDriver.findElement(RemoteWebDriver.java:299)
	at sun.reflect.GeneratedMethodAccessor22.invoke(Unknown Source)
	at sun.reflect.DelegatingMethodAccessorImpl.invoke(Unknown Source)
	at java.lang.reflect.Method.invoke(Unknown Source)
	at org.openqa.selenium.support.events.EventFiringWebDriver$2.invoke(EventFiringWebDriver.java:101)
	at com.sun.proxy.$Proxy1.findElement(Unknown Source)
	at org.openqa.selenium.support.events.EventFiringWebDriver.findElement(EventFiringWebDriver.java:180)
	at org.openqa.selenium.remote.server.handler.FindElement.call(FindElement.java:47)
	at org.openqa.selenium.remote.server.handler.FindElement.call(FindElement.java:1)
	at java.util.concurrent.FutureTask.run(Unknown Source)
	at org.openqa.selenium.remote.server.DefaultSession$1.run(DefaultSession.java:169)
	at java.util.concurrent.ThreadPoolExecutor.runWorker(Unknown Source)
	at java.util.concurrent.ThreadPoolExecutor$Worker.run(Unknown Source)
	at java.lang.Thread.run(Unknown Source)
]]>
    </failure>
  </testcase> <!-- Tender_bid -->
  <testcase name="tender_close" time="99.04" classname="com.qcbs.verifications.Tender_bidding">
    <failure type="org.openqa.selenium.NoSuchElementException" message="Timed out after 10 seconds. Unable to locate the element
For documentation on this error, please visit: http://seleniumhq.org/exceptions/no_such_element.html
Build info: version: &amp;apos;2.33.0&amp;apos;, revision: &amp;apos;4e90c97&amp;apos;, time: &amp;apos;2013-05-22 15:32:38&amp;apos;
System info: os.name: &amp;apos;Windows Vista&amp;apos;, os.arch: &amp;apos;x86&amp;apos;, os.version: &amp;apos;6.2&amp;apos;, java.version: &amp;apos;1.6.0_01&amp;apos;
Driver info: driver.version: unknown">
      <![CDATA[org.openqa.selenium.NoSuchElementException: Timed out after 10 seconds. Unable to locate the element
For documentation on this error, please visit: http://seleniumhq.org/exceptions/no_such_element.html
Build info: version: '2.33.0', revision: '4e90c97', time: '2013-05-22 15:32:38'
System info: os.name: 'Windows Vista', os.arch: 'x86', os.version: '6.2', java.version: '1.6.0_01'
Driver info: driver.version: unknown
	at org.openqa.selenium.support.pagefactory.AjaxElementLocator.findElement(AjaxElementLocator.java:72)
	at org.openqa.selenium.support.pagefactory.internal.LocatingElementHandler.invoke(LocatingElementHandler.java:34)
	at $Proxy10.click(Unknown Source)
	at com.qcbs.pages.indexpages.Tender_closing_IndexPage.select_tender_for_close(Tender_closing_IndexPage.java:72)
	at com.qcbs.verifications.Tender_bidding.tender_close(Tender_bidding.java:152)
	at sun.reflect.NativeMethodAccessorImpl.invoke0(Native Method)
	at sun.reflect.NativeMethodAccessorImpl.invoke(NativeMethodAccessorImpl.java:39)
	at sun.reflect.DelegatingMethodAccessorImpl.invoke(DelegatingMethodAccessorImpl.java:25)
	at java.lang.reflect.Method.invoke(Method.java:597)
	at org.testng.internal.MethodInvocationHelper.invokeMethod(MethodInvocationHelper.java:84)
	at org.testng.internal.Invoker.invokeMethod(Invoker.java:714)
	at org.testng.internal.Invoker.invokeTestMethod(Invoker.java:901)
	at org.testng.internal.Invoker.invokeTestMethods(Invoker.java:1231)
	at org.testng.internal.TestMethodWorker.invokeTestMethods(TestMethodWorker.java:127)
	at org.testng.internal.TestMethodWorker.run(TestMethodWorker.java:111)
	at org.testng.TestRunner.privateRun(TestRunner.java:767)
	at org.testng.TestRunner.run(TestRunner.java:617)
	at org.testng.SuiteRunner.runTest(SuiteRunner.java:334)
	at org.testng.SuiteRunner.runSequentially(SuiteRunner.java:329)
	at org.testng.SuiteRunner.privateRun(SuiteRunner.java:291)
	at org.testng.SuiteRunner.run(SuiteRunner.java:240)
	at org.testng.SuiteRunnerWorker.runSuite(SuiteRunnerWorker.java:52)
	at org.testng.SuiteRunnerWorker.run(SuiteRunnerWorker.java:86)
	at org.testng.TestNG.runSuitesSequentially(TestNG.java:1224)
	at org.testng.TestNG.runSuitesLocally(TestNG.java:1149)
	at org.testng.TestNG.run(TestNG.java:1057)
	at org.testng.remote.RemoteTestNG.run(RemoteTestNG.java:111)
	at org.testng.remote.RemoteTestNG.initAndRun(RemoteTestNG.java:204)
	at org.testng.remote.RemoteTestNG.main(RemoteTestNG.java:175)
Caused by: org.openqa.selenium.NoSuchElementException: Unable to locate element: {"method":"xpath","selector":"//img[@title='Proceed']"}
Command duration or timeout: 16 milliseconds
For documentation on this error, please visit: http://seleniumhq.org/exceptions/no_such_element.html
Build info: version: '2.33.0', revision: '4e90c97', time: '2013-05-22 15:32:38'
System info: os.name: 'Windows 8', os.arch: 'amd64', os.version: '6.2', java.version: '1.8.0_05'
Driver info: org.openqa.selenium.firefox.FirefoxDriver
Capabilities [{applicationCacheEnabled=true, rotatable=false, handlesAlerts=true, databaseEnabled=true, version=24.0, platform=XP, browserConnectionEnabled=true, nativeEvents=true, acceptSslCerts=true, webStorageEnabled=true, locationContextEnabled=true, browserName=firefox, takesScreenshot=true, javascriptEnabled=true, cssSelectorsEnabled=true}]
Session ID: ed63de3b-8525-4440-8d93-6bb1bf5861fe
Command duration or timeout: 204 milliseconds
For documentation on this error, please visit: http://seleniumhq.org/exceptions/no_such_element.html
Build info: version: '2.33.0', revision: '4e90c97', time: '2013-05-22 15:32:38'
System info: os.name: 'Windows Vista', os.arch: 'x86', os.version: '6.2', java.version: '1.6.0_01'
Session ID: 521c208f-1737-4390-85c4-5d0657656b9c
Driver info: org.openqa.selenium.remote.RemoteWebDriver
Capabilities [{platform=XP, javascriptEnabled=true, acceptSslCerts=true, browserName=firefox, rotatable=false, locationContextEnabled=true, webdriver.remote.sessionid=521c208f-1737-4390-85c4-5d0657656b9c, version=24.0, cssSelectorsEnabled=true, databaseEnabled=true, handlesAlerts=true, browserConnectionEnabled=true, webStorageEnabled=true, nativeEvents=true, applicationCacheEnabled=true, takesScreenshot=true}]
	at sun.reflect.GeneratedConstructorAccessor745.newInstance(Unknown Source)
	at sun.reflect.DelegatingConstructorAccessorImpl.newInstance(DelegatingConstructorAccessorImpl.java:27)
	at java.lang.reflect.Constructor.newInstance(Constructor.java:513)
	at org.openqa.selenium.remote.ErrorHandler.createThrowable(ErrorHandler.java:191)
	at org.openqa.selenium.remote.ErrorHandler.throwIfResponseFailed(ErrorHandler.java:145)
	at org.openqa.selenium.remote.RemoteWebDriver.execute(RemoteWebDriver.java:554)
	at org.openqa.selenium.remote.RemoteWebDriver.findElement(RemoteWebDriver.java:307)
	at org.openqa.selenium.remote.RemoteWebDriver.findElementByXPath(RemoteWebDriver.java:404)
	at org.openqa.selenium.By$ByXPath.findElement(By.java:344)
	at org.openqa.selenium.remote.RemoteWebDriver.findElement(RemoteWebDriver.java:299)
	at org.openqa.selenium.support.pagefactory.DefaultElementLocator.findElement(DefaultElementLocator.java:59)
	at org.openqa.selenium.support.pagefactory.AjaxElementLocator.access$0(AjaxElementLocator.java:1)
	at org.openqa.selenium.support.pagefactory.AjaxElementLocator$SlowLoadingElement.isLoaded(AjaxElementLocator.java:140)
	at org.openqa.selenium.support.ui.SlowLoadableComponent.get(SlowLoadableComponent.java:70)
	at org.openqa.selenium.support.pagefactory.AjaxElementLocator.findElement(AjaxElementLocator.java:70)
	... 28 more
Caused by: org.openqa.selenium.remote.ScreenshotException: Screen shot has been taken
Build info: version: '2.33.0', revision: '4e90c97', time: '2013-05-22 15:32:38'
System info: os.name: 'Windows Vista', os.arch: 'x86', os.version: '6.2', java.version: '1.6.0_01'
Driver info: driver.version: RemoteWebDriver
	at org.openqa.selenium.remote.ErrorHandler.throwIfResponseFailed(ErrorHandler.java:125)
	... 38 more
Caused by: org.openqa.selenium.NoSuchElementException: Unable to locate element: {"method":"xpath","selector":"//img[@title='Proceed']"}
Command duration or timeout: 16 milliseconds
For documentation on this error, please visit: http://seleniumhq.org/exceptions/no_such_element.html
Build info: version: '2.33.0', revision: '4e90c97', time: '2013-05-22 15:32:38'
System info: os.name: 'Windows 8', os.arch: 'amd64', os.version: '6.2', java.version: '1.8.0_05'
Driver info: org.openqa.selenium.firefox.FirefoxDriver
Capabilities [{applicationCacheEnabled=true, rotatable=false, handlesAlerts=true, databaseEnabled=true, version=24.0, platform=XP, browserConnectionEnabled=true, nativeEvents=true, acceptSslCerts=true, webStorageEnabled=true, locationContextEnabled=true, browserName=firefox, takesScreenshot=true, javascriptEnabled=true, cssSelectorsEnabled=true}]
Session ID: ed63de3b-8525-4440-8d93-6bb1bf5861fe
For documentation on this error, please visit: http://seleniumhq.org/exceptions/no_such_element.html
Build info: version: '2.33.0', revision: '4e90c97', time: '2013-05-22 15:32:38'
System info: os.name: 'Windows Vista', os.arch: 'x86', os.version: '6.2', java.version: '1.6.0_01'
Driver info: driver.version: EventFiringWebDriver
	at sun.reflect.GeneratedConstructorAccessor23.newInstance(Unknown Source)
	at sun.reflect.DelegatingConstructorAccessorImpl.newInstance(Unknown Source)
	at java.lang.reflect.Constructor.newInstance(Unknown Source)
	at org.openqa.selenium.remote.ErrorHandler.createThrowable(ErrorHandler.java:191)
	at org.openqa.selenium.remote.ErrorHandler.throwIfResponseFailed(ErrorHandler.java:145)
	at org.openqa.selenium.remote.RemoteWebDriver.execute(RemoteWebDriver.java:554)
	at org.openqa.selenium.remote.RemoteWebDriver.findElement(RemoteWebDriver.java:307)
	at org.openqa.selenium.remote.RemoteWebDriver.findElementByXPath(RemoteWebDriver.java:404)
	at org.openqa.selenium.By$ByXPath.findElement(By.java:344)
	at org.openqa.selenium.remote.RemoteWebDriver.findElement(RemoteWebDriver.java:299)
	at sun.reflect.GeneratedMethodAccessor22.invoke(Unknown Source)
	at sun.reflect.DelegatingMethodAccessorImpl.invoke(Unknown Source)
	at java.lang.reflect.Method.invoke(Unknown Source)
	at org.openqa.selenium.support.events.EventFiringWebDriver$2.invoke(EventFiringWebDriver.java:101)
	at com.sun.proxy.$Proxy1.findElement(Unknown Source)
	at org.openqa.selenium.support.events.EventFiringWebDriver.findElement(EventFiringWebDriver.java:180)
	at org.openqa.selenium.remote.server.handler.FindElement.call(FindElement.java:47)
	at org.openqa.selenium.remote.server.handler.FindElement.call(FindElement.java:1)
	at java.util.concurrent.FutureTask.run(Unknown Source)
	at org.openqa.selenium.remote.server.DefaultSession$1.run(DefaultSession.java:169)
	at java.util.concurrent.ThreadPoolExecutor.runWorker(Unknown Source)
	at java.util.concurrent.ThreadPoolExecutor$Worker.run(Unknown Source)
	at java.lang.Thread.run(Unknown Source)
]]>
    </failure>
  </testcase> <!-- tender_close -->
  <testcase name="tender_reencryption" time="106.884" classname="com.qcbs.verifications.Tender_bidding">
    <failure type="org.openqa.selenium.NoSuchElementException" message="Timed out after 10 seconds. Unable to locate the element
For documentation on this error, please visit: http://seleniumhq.org/exceptions/no_such_element.html
Build info: version: &amp;apos;2.33.0&amp;apos;, revision: &amp;apos;4e90c97&amp;apos;, time: &amp;apos;2013-05-22 15:32:38&amp;apos;
System info: os.name: &amp;apos;Windows Vista&amp;apos;, os.arch: &amp;apos;x86&amp;apos;, os.version: &amp;apos;6.2&amp;apos;, java.version: &amp;apos;1.6.0_01&amp;apos;
Driver info: driver.version: unknown">
      <![CDATA[org.openqa.selenium.NoSuchElementException: Timed out after 10 seconds. Unable to locate the element
For documentation on this error, please visit: http://seleniumhq.org/exceptions/no_such_element.html
Build info: version: '2.33.0', revision: '4e90c97', time: '2013-05-22 15:32:38'
System info: os.name: 'Windows Vista', os.arch: 'x86', os.version: '6.2', java.version: '1.6.0_01'
Driver info: driver.version: unknown
	at org.openqa.selenium.support.pagefactory.AjaxElementLocator.findElement(AjaxElementLocator.java:72)
	at org.openqa.selenium.support.pagefactory.internal.LocatingElementHandler.invoke(LocatingElementHandler.java:34)
	at $Proxy10.click(Unknown Source)
	at com.qcbs.pages.indexpages.Tender_reencryption_Indexpage.select_tender_for_encrypt(Tender_reencryption_Indexpage.java:77)
	at com.qcbs.verifications.Tender_bidding.tender_reencryption(Tender_bidding.java:203)
	at sun.reflect.NativeMethodAccessorImpl.invoke0(Native Method)
	at sun.reflect.NativeMethodAccessorImpl.invoke(NativeMethodAccessorImpl.java:39)
	at sun.reflect.DelegatingMethodAccessorImpl.invoke(DelegatingMethodAccessorImpl.java:25)
	at java.lang.reflect.Method.invoke(Method.java:597)
	at org.testng.internal.MethodInvocationHelper.invokeMethod(MethodInvocationHelper.java:84)
	at org.testng.internal.Invoker.invokeMethod(Invoker.java:714)
	at org.testng.internal.Invoker.invokeTestMethod(Invoker.java:901)
	at org.testng.internal.Invoker.invokeTestMethods(Invoker.java:1231)
	at org.testng.internal.TestMethodWorker.invokeTestMethods(TestMethodWorker.java:127)
	at org.testng.internal.TestMethodWorker.run(TestMethodWorker.java:111)
	at org.testng.TestRunner.privateRun(TestRunner.java:767)
	at org.testng.TestRunner.run(TestRunner.java:617)
	at org.testng.SuiteRunner.runTest(SuiteRunner.java:334)
	at org.testng.SuiteRunner.runSequentially(SuiteRunner.java:329)
	at org.testng.SuiteRunner.privateRun(SuiteRunner.java:291)
	at org.testng.SuiteRunner.run(SuiteRunner.java:240)
	at org.testng.SuiteRunnerWorker.runSuite(SuiteRunnerWorker.java:52)
	at org.testng.SuiteRunnerWorker.run(SuiteRunnerWorker.java:86)
	at org.testng.TestNG.runSuitesSequentially(TestNG.java:1224)
	at org.testng.TestNG.runSuitesLocally(TestNG.java:1149)
	at org.testng.TestNG.run(TestNG.java:1057)
	at org.testng.remote.RemoteTestNG.run(RemoteTestNG.java:111)
	at org.testng.remote.RemoteTestNG.initAndRun(RemoteTestNG.java:204)
	at org.testng.remote.RemoteTestNG.main(RemoteTestNG.java:175)
Caused by: org.openqa.selenium.NoSuchElementException: Unable to locate element: {"method":"xpath","selector":"//img[@title='Proceed']"}
Command duration or timeout: 16 milliseconds
For documentation on this error, please visit: http://seleniumhq.org/exceptions/no_such_element.html
Build info: version: '2.33.0', revision: '4e90c97', time: '2013-05-22 15:32:38'
System info: os.name: 'Windows 8', os.arch: 'amd64', os.version: '6.2', java.version: '1.8.0_05'
Driver info: org.openqa.selenium.firefox.FirefoxDriver
Capabilities [{applicationCacheEnabled=true, rotatable=false, handlesAlerts=true, databaseEnabled=true, version=24.0, platform=XP, browserConnectionEnabled=true, nativeEvents=true, acceptSslCerts=true, webStorageEnabled=true, locationContextEnabled=true, browserName=firefox, takesScreenshot=true, javascriptEnabled=true, cssSelectorsEnabled=true}]
Session ID: feb43485-b085-4709-b9a0-27bb073bb83f
Command duration or timeout: 204 milliseconds
For documentation on this error, please visit: http://seleniumhq.org/exceptions/no_such_element.html
Build info: version: '2.33.0', revision: '4e90c97', time: '2013-05-22 15:32:38'
System info: os.name: 'Windows Vista', os.arch: 'x86', os.version: '6.2', java.version: '1.6.0_01'
Session ID: b40a7939-b6fa-4146-9564-4702ae1f0acd
Driver info: org.openqa.selenium.remote.RemoteWebDriver
Capabilities [{platform=XP, javascriptEnabled=true, acceptSslCerts=true, browserName=firefox, rotatable=false, locationContextEnabled=true, webdriver.remote.sessionid=b40a7939-b6fa-4146-9564-4702ae1f0acd, version=24.0, cssSelectorsEnabled=true, databaseEnabled=true, handlesAlerts=true, browserConnectionEnabled=true, webStorageEnabled=true, nativeEvents=true, applicationCacheEnabled=true, takesScreenshot=true}]
	at sun.reflect.GeneratedConstructorAccessor745.newInstance(Unknown Source)
	at sun.reflect.DelegatingConstructorAccessorImpl.newInstance(DelegatingConstructorAccessorImpl.java:27)
	at java.lang.reflect.Constructor.newInstance(Constructor.java:513)
	at org.openqa.selenium.remote.ErrorHandler.createThrowable(ErrorHandler.java:191)
	at org.openqa.selenium.remote.ErrorHandler.throwIfResponseFailed(ErrorHandler.java:145)
	at org.openqa.selenium.remote.RemoteWebDriver.execute(RemoteWebDriver.java:554)
	at org.openqa.selenium.remote.RemoteWebDriver.findElement(RemoteWebDriver.java:307)
	at org.openqa.selenium.remote.RemoteWebDriver.findElementByXPath(RemoteWebDriver.java:404)
	at org.openqa.selenium.By$ByXPath.findElement(By.java:344)
	at org.openqa.selenium.remote.RemoteWebDriver.findElement(RemoteWebDriver.java:299)
	at org.openqa.selenium.support.pagefactory.DefaultElementLocator.findElement(DefaultElementLocator.java:59)
	at org.openqa.selenium.support.pagefactory.AjaxElementLocator.access$0(AjaxElementLocator.java:1)
	at org.openqa.selenium.support.pagefactory.AjaxElementLocator$SlowLoadingElement.isLoaded(AjaxElementLocator.java:140)
	at org.openqa.selenium.support.ui.SlowLoadableComponent.get(SlowLoadableComponent.java:70)
	at org.openqa.selenium.support.pagefactory.AjaxElementLocator.findElement(AjaxElementLocator.java:70)
	... 28 more
Caused by: org.openqa.selenium.remote.ScreenshotException: Screen shot has been taken
Build info: version: '2.33.0', revision: '4e90c97', time: '2013-05-22 15:32:38'
System info: os.name: 'Windows Vista', os.arch: 'x86', os.version: '6.2', java.version: '1.6.0_01'
Driver info: driver.version: RemoteWebDriver
	at org.openqa.selenium.remote.ErrorHandler.throwIfResponseFailed(ErrorHandler.java:125)
	... 38 more
Caused by: org.openqa.selenium.NoSuchElementException: Unable to locate element: {"method":"xpath","selector":"//img[@title='Proceed']"}
Command duration or timeout: 16 milliseconds
For documentation on this error, please visit: http://seleniumhq.org/exceptions/no_such_element.html
Build info: version: '2.33.0', revision: '4e90c97', time: '2013-05-22 15:32:38'
System info: os.name: 'Windows 8', os.arch: 'amd64', os.version: '6.2', java.version: '1.8.0_05'
Driver info: org.openqa.selenium.firefox.FirefoxDriver
Capabilities [{applicationCacheEnabled=true, rotatable=false, handlesAlerts=true, databaseEnabled=true, version=24.0, platform=XP, browserConnectionEnabled=true, nativeEvents=true, acceptSslCerts=true, webStorageEnabled=true, locationContextEnabled=true, browserName=firefox, takesScreenshot=true, javascriptEnabled=true, cssSelectorsEnabled=true}]
Session ID: feb43485-b085-4709-b9a0-27bb073bb83f
For documentation on this error, please visit: http://seleniumhq.org/exceptions/no_such_element.html
Build info: version: '2.33.0', revision: '4e90c97', time: '2013-05-22 15:32:38'
System info: os.name: 'Windows Vista', os.arch: 'x86', os.version: '6.2', java.version: '1.6.0_01'
Driver info: driver.version: EventFiringWebDriver
	at sun.reflect.GeneratedConstructorAccessor23.newInstance(Unknown Source)
	at sun.reflect.DelegatingConstructorAccessorImpl.newInstance(Unknown Source)
	at java.lang.reflect.Constructor.newInstance(Unknown Source)
	at org.openqa.selenium.remote.ErrorHandler.createThrowable(ErrorHandler.java:191)
	at org.openqa.selenium.remote.ErrorHandler.throwIfResponseFailed(ErrorHandler.java:145)
	at org.openqa.selenium.remote.RemoteWebDriver.execute(RemoteWebDriver.java:554)
	at org.openqa.selenium.remote.RemoteWebDriver.findElement(RemoteWebDriver.java:307)
	at org.openqa.selenium.remote.RemoteWebDriver.findElementByXPath(RemoteWebDriver.java:404)
	at org.openqa.selenium.By$ByXPath.findElement(By.java:344)
	at org.openqa.selenium.remote.RemoteWebDriver.findElement(RemoteWebDriver.java:299)
	at sun.reflect.GeneratedMethodAccessor22.invoke(Unknown Source)
	at sun.reflect.DelegatingMethodAccessorImpl.invoke(Unknown Source)
	at java.lang.reflect.Method.invoke(Unknown Source)
	at org.openqa.selenium.support.events.EventFiringWebDriver$2.invoke(EventFiringWebDriver.java:101)
	at com.sun.proxy.$Proxy1.findElement(Unknown Source)
	at org.openqa.selenium.support.events.EventFiringWebDriver.findElement(EventFiringWebDriver.java:180)
	at org.openqa.selenium.remote.server.handler.FindElement.call(FindElement.java:47)
	at org.openqa.selenium.remote.server.handler.FindElement.call(FindElement.java:1)
	at java.util.concurrent.FutureTask.run(Unknown Source)
	at org.openqa.selenium.remote.server.DefaultSession$1.run(DefaultSession.java:169)
	at java.util.concurrent.ThreadPoolExecutor.runWorker(Unknown Source)
	at java.util.concurrent.ThreadPoolExecutor$Worker.run(Unknown Source)
	at java.lang.Thread.run(Unknown Source)
]]>
    </failure>
  </testcase> <!-- tender_reencryption -->
  <testcase name="tender_reencryption" time="118.735" classname="com.qcbs.verifications.Tender_bidding">
    <failure type="org.openqa.selenium.NoSuchElementException" message="Timed out after 10 seconds. Unable to locate the element
For documentation on this error, please visit: http://seleniumhq.org/exceptions/no_such_element.html
Build info: version: &amp;apos;2.33.0&amp;apos;, revision: &amp;apos;4e90c97&amp;apos;, time: &amp;apos;2013-05-22 15:32:38&amp;apos;
System info: os.name: &amp;apos;Windows Vista&amp;apos;, os.arch: &amp;apos;x86&amp;apos;, os.version: &amp;apos;6.2&amp;apos;, java.version: &amp;apos;1.6.0_01&amp;apos;
Driver info: driver.version: unknown">
      <![CDATA[org.openqa.selenium.NoSuchElementException: Timed out after 10 seconds. Unable to locate the element
For documentation on this error, please visit: http://seleniumhq.org/exceptions/no_such_element.html
Build info: version: '2.33.0', revision: '4e90c97', time: '2013-05-22 15:32:38'
System info: os.name: 'Windows Vista', os.arch: 'x86', os.version: '6.2', java.version: '1.6.0_01'
Driver info: driver.version: unknown
	at org.openqa.selenium.support.pagefactory.AjaxElementLocator.findElement(AjaxElementLocator.java:72)
	at org.openqa.selenium.support.pagefactory.internal.LocatingElementHandler.invoke(LocatingElementHandler.java:34)
	at $Proxy10.getCoordinates(Unknown Source)
	at org.openqa.selenium.interactions.internal.MouseAction.getActionLocation(MouseAction.java:40)
	at org.openqa.selenium.interactions.MoveMouseAction.perform(MoveMouseAction.java:36)
	at org.openqa.selenium.interactions.CompositeAction.perform(CompositeAction.java:31)
	at com.qcbs.page.Tender_creation_DashboardPage.verification_method(Tender_creation_DashboardPage.java:361)
	at com.qcbs.pages.indexpages.Tender_reencryption_Indexpage.bid_reencryption(Tender_reencryption_Indexpage.java:94)
	at com.qcbs.verifications.Tender_bidding.tender_reencryption(Tender_bidding.java:205)
	at sun.reflect.GeneratedMethodAccessor458.invoke(Unknown Source)
	at sun.reflect.DelegatingMethodAccessorImpl.invoke(DelegatingMethodAccessorImpl.java:25)
	at java.lang.reflect.Method.invoke(Method.java:597)
	at org.testng.internal.MethodInvocationHelper.invokeMethod(MethodInvocationHelper.java:84)
	at org.testng.internal.Invoker.invokeMethod(Invoker.java:714)
	at org.testng.internal.Invoker.invokeTestMethod(Invoker.java:901)
	at org.testng.internal.Invoker.invokeTestMethods(Invoker.java:1231)
	at org.testng.internal.TestMethodWorker.invokeTestMethods(TestMethodWorker.java:127)
	at org.testng.internal.TestMethodWorker.run(TestMethodWorker.java:111)
	at org.testng.TestRunner.privateRun(TestRunner.java:767)
	at org.testng.TestRunner.run(TestRunner.java:617)
	at org.testng.SuiteRunner.runTest(SuiteRunner.java:334)
	at org.testng.SuiteRunner.runSequentially(SuiteRunner.java:329)
	at org.testng.SuiteRunner.privateRun(SuiteRunner.java:291)
	at org.testng.SuiteRunner.run(SuiteRunner.java:240)
	at org.testng.SuiteRunnerWorker.runSuite(SuiteRunnerWorker.java:52)
	at org.testng.SuiteRunnerWorker.run(SuiteRunnerWorker.java:86)
	at org.testng.TestNG.runSuitesSequentially(TestNG.java:1224)
	at org.testng.TestNG.runSuitesLocally(TestNG.java:1149)
	at org.testng.TestNG.run(TestNG.java:1057)
	at org.testng.remote.RemoteTestNG.run(RemoteTestNG.java:111)
	at org.testng.remote.RemoteTestNG.initAndRun(RemoteTestNG.java:204)
	at org.testng.remote.RemoteTestNG.main(RemoteTestNG.java:175)
Caused by: org.openqa.selenium.NoSuchElementException: Unable to locate element: {"method":"xpath","selector":"//div[@class='hyperlink_item'][contains(.,'Bid Re-encryption')]"}
Command duration or timeout: 24 milliseconds
For documentation on this error, please visit: http://seleniumhq.org/exceptions/no_such_element.html
Build info: version: '2.33.0', revision: '4e90c97', time: '2013-05-22 15:32:38'
System info: os.name: 'Windows 8', os.arch: 'amd64', os.version: '6.2', java.version: '1.8.0_05'
Driver info: org.openqa.selenium.firefox.FirefoxDriver
Capabilities [{applicationCacheEnabled=true, rotatable=false, handlesAlerts=true, databaseEnabled=true, version=24.0, platform=XP, browserConnectionEnabled=true, nativeEvents=true, acceptSslCerts=true, webStorageEnabled=true, locationContextEnabled=true, browserName=firefox, takesScreenshot=true, javascriptEnabled=true, cssSelectorsEnabled=true}]
Session ID: a1e58083-e5ee-46c9-b363-4dca93c7c059
Command duration or timeout: 206 milliseconds
For documentation on this error, please visit: http://seleniumhq.org/exceptions/no_such_element.html
Build info: version: '2.33.0', revision: '4e90c97', time: '2013-05-22 15:32:38'
System info: os.name: 'Windows Vista', os.arch: 'x86', os.version: '6.2', java.version: '1.6.0_01'
Session ID: 8aa14b0d-a02d-4083-bfc5-74c7acdd00dc
Driver info: org.openqa.selenium.remote.RemoteWebDriver
Capabilities [{platform=XP, javascriptEnabled=true, acceptSslCerts=true, browserName=firefox, rotatable=false, locationContextEnabled=true, webdriver.remote.sessionid=8aa14b0d-a02d-4083-bfc5-74c7acdd00dc, version=24.0, cssSelectorsEnabled=true, databaseEnabled=true, handlesAlerts=true, browserConnectionEnabled=true, webStorageEnabled=true, nativeEvents=true, applicationCacheEnabled=true, takesScreenshot=true}]
	at sun.reflect.GeneratedConstructorAccessor745.newInstance(Unknown Source)
	at sun.reflect.DelegatingConstructorAccessorImpl.newInstance(DelegatingConstructorAccessorImpl.java:27)
	at java.lang.reflect.Constructor.newInstance(Constructor.java:513)
	at org.openqa.selenium.remote.ErrorHandler.createThrowable(ErrorHandler.java:191)
	at org.openqa.selenium.remote.ErrorHandler.throwIfResponseFailed(ErrorHandler.java:145)
	at org.openqa.selenium.remote.RemoteWebDriver.execute(RemoteWebDriver.java:554)
	at org.openqa.selenium.remote.RemoteWebDriver.findElement(RemoteWebDriver.java:307)
	at org.openqa.selenium.remote.RemoteWebDriver.findElementByXPath(RemoteWebDriver.java:404)
	at org.openqa.selenium.By$ByXPath.findElement(By.java:344)
	at org.openqa.selenium.remote.RemoteWebDriver.findElement(RemoteWebDriver.java:299)
	at org.openqa.selenium.support.pagefactory.DefaultElementLocator.findElement(DefaultElementLocator.java:59)
	at org.openqa.selenium.support.pagefactory.AjaxElementLocator.access$0(AjaxElementLocator.java:1)
	at org.openqa.selenium.support.pagefactory.AjaxElementLocator$SlowLoadingElement.isLoaded(AjaxElementLocator.java:140)
	at org.openqa.selenium.support.ui.SlowLoadableComponent.get(SlowLoadableComponent.java:70)
	at org.openqa.selenium.support.pagefactory.AjaxElementLocator.findElement(AjaxElementLocator.java:70)
	... 31 more
Caused by: org.openqa.selenium.remote.ScreenshotException: Screen shot has been taken
Build info: version: '2.33.0', revision: '4e90c97', time: '2013-05-22 15:32:38'
System info: os.name: 'Windows Vista', os.arch: 'x86', os.version: '6.2', java.version: '1.6.0_01'
Driver info: driver.version: RemoteWebDriver
	at org.openqa.selenium.remote.ErrorHandler.throwIfResponseFailed(ErrorHandler.java:125)
	... 41 more
Caused by: org.openqa.selenium.NoSuchElementException: Unable to locate element: {"method":"xpath","selector":"//div[@class='hyperlink_item'][contains(.,'Bid Re-encryption')]"}
Command duration or timeout: 24 milliseconds
For documentation on this error, please visit: http://seleniumhq.org/exceptions/no_such_element.html
Build info: version: '2.33.0', revision: '4e90c97', time: '2013-05-22 15:32:38'
System info: os.name: 'Windows 8', os.arch: 'amd64', os.version: '6.2', java.version: '1.8.0_05'
Driver info: org.openqa.selenium.firefox.FirefoxDriver
Capabilities [{applicationCacheEnabled=true, rotatable=false, handlesAlerts=true, databaseEnabled=true, version=24.0, platform=XP, browserConnectionEnabled=true, nativeEvents=true, acceptSslCerts=true, webStorageEnabled=true, locationContextEnabled=true, browserName=firefox, takesScreenshot=true, javascriptEnabled=true, cssSelectorsEnabled=true}]
Session ID: a1e58083-e5ee-46c9-b363-4dca93c7c059
For documentation on this error, please visit: http://seleniumhq.org/exceptions/no_such_element.html
Build info: version: '2.33.0', revision: '4e90c97', time: '2013-05-22 15:32:38'
System info: os.name: 'Windows Vista', os.arch: 'x86', os.version: '6.2', java.version: '1.6.0_01'
Driver info: driver.version: EventFiringWebDriver
	at sun.reflect.GeneratedConstructorAccessor23.newInstance(Unknown Source)
	at sun.reflect.DelegatingConstructorAccessorImpl.newInstance(Unknown Source)
	at java.lang.reflect.Constructor.newInstance(Unknown Source)
	at org.openqa.selenium.remote.ErrorHandler.createThrowable(ErrorHandler.java:191)
	at org.openqa.selenium.remote.ErrorHandler.throwIfResponseFailed(ErrorHandler.java:145)
	at org.openqa.selenium.remote.RemoteWebDriver.execute(RemoteWebDriver.java:554)
	at org.openqa.selenium.remote.RemoteWebDriver.findElement(RemoteWebDriver.java:307)
	at org.openqa.selenium.remote.RemoteWebDriver.findElementByXPath(RemoteWebDriver.java:404)
	at org.openqa.selenium.By$ByXPath.findElement(By.java:344)
	at org.openqa.selenium.remote.RemoteWebDriver.findElement(RemoteWebDriver.java:299)
	at sun.reflect.GeneratedMethodAccessor22.invoke(Unknown Source)
	at sun.reflect.DelegatingMethodAccessorImpl.invoke(Unknown Source)
	at java.lang.reflect.Method.invoke(Unknown Source)
	at org.openqa.selenium.support.events.EventFiringWebDriver$2.invoke(EventFiringWebDriver.java:101)
	at com.sun.proxy.$Proxy1.findElement(Unknown Source)
	at org.openqa.selenium.support.events.EventFiringWebDriver.findElement(EventFiringWebDriver.java:180)
	at org.openqa.selenium.remote.server.handler.FindElement.call(FindElement.java:47)
	at org.openqa.selenium.remote.server.handler.FindElement.call(FindElement.java:1)
	at java.util.concurrent.FutureTask.run(Unknown Source)
	at org.openqa.selenium.remote.server.DefaultSession$1.run(DefaultSession.java:169)
	at java.util.concurrent.ThreadPoolExecutor.runWorker(Unknown Source)
	at java.util.concurrent.ThreadPoolExecutor$Worker.run(Unknown Source)
	at java.lang.Thread.run(Unknown Source)
]]>
    </failure>
  </testcase> <!-- tender_reencryption -->
  <testcase name="tender_reencryption" time="119.041" classname="com.qcbs.verifications.Tender_bidding">
    <failure type="org.openqa.selenium.NoSuchElementException" message="Timed out after 10 seconds. Unable to locate the element
For documentation on this error, please visit: http://seleniumhq.org/exceptions/no_such_element.html
Build info: version: &amp;apos;2.33.0&amp;apos;, revision: &amp;apos;4e90c97&amp;apos;, time: &amp;apos;2013-05-22 15:32:38&amp;apos;
System info: os.name: &amp;apos;Windows Vista&amp;apos;, os.arch: &amp;apos;x86&amp;apos;, os.version: &amp;apos;6.2&amp;apos;, java.version: &amp;apos;1.6.0_01&amp;apos;
Driver info: driver.version: unknown">
      <![CDATA[org.openqa.selenium.NoSuchElementException: Timed out after 10 seconds. Unable to locate the element
For documentation on this error, please visit: http://seleniumhq.org/exceptions/no_such_element.html
Build info: version: '2.33.0', revision: '4e90c97', time: '2013-05-22 15:32:38'
System info: os.name: 'Windows Vista', os.arch: 'x86', os.version: '6.2', java.version: '1.6.0_01'
Driver info: driver.version: unknown
	at org.openqa.selenium.support.pagefactory.AjaxElementLocator.findElement(AjaxElementLocator.java:72)
	at org.openqa.selenium.support.pagefactory.internal.LocatingElementHandler.invoke(LocatingElementHandler.java:34)
	at $Proxy10.getCoordinates(Unknown Source)
	at org.openqa.selenium.interactions.internal.MouseAction.getActionLocation(MouseAction.java:40)
	at org.openqa.selenium.interactions.MoveMouseAction.perform(MoveMouseAction.java:36)
	at org.openqa.selenium.interactions.CompositeAction.perform(CompositeAction.java:31)
	at com.qcbs.page.Tender_creation_DashboardPage.verification_method(Tender_creation_DashboardPage.java:361)
	at com.qcbs.pages.indexpages.Tender_reencryption_Indexpage.bid_reencryption(Tender_reencryption_Indexpage.java:94)
	at com.qcbs.verifications.Tender_bidding.tender_reencryption(Tender_bidding.java:205)
[...]
	at org.openqa.selenium.support.events.EventFiringWebDriver.findElement(EventFiringWebDriver.java:180)
	at org.openqa.selenium.remote.server.handler.FindElement.call(FindElement.java:47)
	at org.openqa.selenium.remote.server.handler.FindElement.call(FindElement.java:1)
	at java.util.concurrent.FutureTask.run(Unknown Source)
	at org.openqa.selenium.remote.server.DefaultSession$1.run(DefaultSession.java:169)
	at java.util.concurrent.ThreadPoolExecutor.runWorker(Unknown Source)
	at java.util.concurrent.ThreadPoolExecutor$Worker.run(Unknown Source)
	at java.lang.Thread.run(Unknown Source)
]]>
    </failure>
  </testcase> <!-- tender_reencryption -->
  <testcase name="tender_reencryption" time="105.416" classname="com.qcbs.verifications.Tender_bidding">
    <failure type="org.openqa.selenium.NoSuchElementException" message="Timed out after 10 seconds. Unable to locate the element
For documentation on this error, please visit: http://seleniumhq.org/exceptions/no_such_element.html
Build info: version: &amp;apos;2.33.0&amp;apos;, revision: &amp;apos;4e90c97&amp;apos;, time: &amp;apos;2013-05-22 15:32:38&amp;apos;
System info: os.name: &amp;apos;Windows Vista&amp;apos;, os.arch: &amp;apos;x86&amp;apos;, os.version: &amp;apos;6.2&amp;apos;, java.version: &amp;apos;1.6.0_01&amp;apos;
Driver info: driver.version: unknown">
      <![CDATA[org.openqa.selenium.NoSuchElementException: Timed out after 10 seconds. Unable to locate the element
For documentation on this error, please visit: http://seleniumhq.org/exceptions/no_such_element.html
Build info: version: '2.33.0', revision: '4e90c97', time: '2013-05-22 15:32:38'
System info: os.name: 'Windows Vista', os.arch: 'x86', os.version: '6.2', java.version: '1.6.0_01'
Driver info: driver.version: unknown
	at org.openqa.selenium.support.pagefactory.AjaxElementLocator.findElement(AjaxElementLocator.java:72)
	at org.openqa.selenium.support.pagefactory.internal.LocatingElementHandler.invoke(LocatingElementHandler.java:34)
	at $Proxy10.click(Unknown Source)
	at com.qcbs.pages.indexpages.Tender_reencryption_Indexpage.select_tender_for_encrypt(Tender_reencryption_Indexpage.java:77)
	at com.qcbs.verifications.Tender_bidding.tender_reencryption(Tender_bidding.java:203)
	at sun.reflect.GeneratedMethodAccessor458.invoke(Unknown Source)
	at sun.reflect.DelegatingMethodAccessorImpl.invoke(DelegatingMethodAccessorImpl.java:25)
	at java.lang.reflect.Method.invoke(Method.java:597)
	at org.testng.internal.MethodInvocationHelper.invokeMethod(MethodInvocationHelper.java:84)
	at org.testng.internal.Invoker.invokeMethod(Invoker.java:714)
	at org.testng.internal.Invoker.invokeTestMethod(Invoker.java:901)
	at org.testng.internal.Invoker.invokeTestMethods(Invoker.java:1231)
	at org.testng.internal.TestMethodWorker.invokeTestMethods(TestMethodWorker.java:127)
	at org.testng.internal.TestMethodWorker.run(TestMethodWorker.java:111)
	at org.testng.TestRunner.privateRun(TestRunner.java:767)
	at org.testng.TestRunner.run(TestRunner.java:617)
	at org.testng.SuiteRunner.runTest(SuiteRunner.java:334)
	at org.testng.SuiteRunner.runSequentially(SuiteRunner.java:329)
	at org.testng.SuiteRunner.privateRun(SuiteRunner.java:291)
	at org.testng.SuiteRunner.run(SuiteRunner.java:240)
	at org.testng.SuiteRunnerWorker.runSuite(SuiteRunnerWorker.java:52)
	at org.testng.SuiteRunnerWorker.run(SuiteRunnerWorker.java:86)
	at org.testng.TestNG.runSuitesSequentially(TestNG.java:1224)
	at org.testng.TestNG.runSuitesLocally(TestNG.java:1149)
	at org.testng.TestNG.run(TestNG.java:1057)
	at org.testng.remote.RemoteTestNG.run(RemoteTestNG.java:111)
	at org.testng.remote.RemoteTestNG.initAndRun(RemoteTestNG.java:204)
	at org.testng.remote.RemoteTestNG.main(RemoteTestNG.java:175)
Caused by: org.openqa.selenium.NoSuchElementException: Unable to locate element: {"method":"xpath","selector":"//img[@title='Proceed']"}
Command duration or timeout: 15 milliseconds
For documentation on this error, please visit: http://seleniumhq.org/exceptions/no_such_element.html
Build info: version: '2.33.0', revision: '4e90c97', time: '2013-05-22 15:32:38'
System info: os.name: 'Windows 8', os.arch: 'amd64', os.version: '6.2', java.version: '1.8.0_05'
Driver info: org.openqa.selenium.firefox.FirefoxDriver
Capabilities [{applicationCacheEnabled=true, rotatable=false, handlesAlerts=true, databaseEnabled=true, version=24.0, platform=XP, browserConnectionEnabled=true, nativeEvents=true, acceptSslCerts=true, webStorageEnabled=true, locationContextEnabled=true, browserName=firefox, takesScreenshot=true, javascriptEnabled=true, cssSelectorsEnabled=true}]
Session ID: 25961703-0b57-47a9-92d4-7f3015cc4305
Command duration or timeout: 219 milliseconds
For documentation on this error, please visit: http://seleniumhq.org/exceptions/no_such_element.html
Build info: version: '2.33.0', revision: '4e90c97', time: '2013-05-22 15:32:38'
System info: os.name: 'Windows Vista', os.arch: 'x86', os.version: '6.2', java.version: '1.6.0_01'
Session ID: 3017254f-4324-4904-8569-176c86274cc4
Driver info: org.openqa.selenium.remote.RemoteWebDriver
Capabilities [{platform=XP, javascriptEnabled=true, acceptSslCerts=true, browserName=firefox, rotatable=false, locationContextEnabled=true, webdriver.remote.sessionid=3017254f-4324-4904-8569-176c86274cc4, version=24.0, cssSelectorsEnabled=true, databaseEnabled=true, handlesAlerts=true, browserConnectionEnabled=true, webStorageEnabled=true, nativeEvents=true, applicationCacheEnabled=true, takesScreenshot=true}]
	at sun.reflect.GeneratedConstructorAccessor765.newInstance(Unknown Source)
	at sun.reflect.DelegatingConstructorAccessorImpl.newInstance(DelegatingConstructorAccessorImpl.java:27)
	at java.lang.reflect.Constructor.newInstance(Constructor.java:513)
	at org.openqa.selenium.remote.ErrorHandler.createThrowable(ErrorHandler.java:191)
	at org.openqa.selenium.remote.ErrorHandler.throwIfResponseFailed(ErrorHandler.java:145)
	at org.openqa.selenium.remote.RemoteWebDriver.execute(RemoteWebDriver.java:554)
	at org.openqa.selenium.remote.RemoteWebDriver.findElement(RemoteWebDriver.java:307)
	at org.openqa.selenium.remote.RemoteWebDriver.findElementByXPath(RemoteWebDriver.java:404)
	at org.openqa.selenium.By$ByXPath.findElement(By.java:344)
	at org.openqa.selenium.remote.RemoteWebDriver.findElement(RemoteWebDriver.java:299)
	at org.openqa.selenium.support.pagefactory.DefaultElementLocator.findElement(DefaultElementLocator.java:59)
	at org.openqa.selenium.support.pagefactory.AjaxElementLocator.access$0(AjaxElementLocator.java:1)
	at org.openqa.selenium.support.pagefactory.AjaxElementLocator$SlowLoadingElement.isLoaded(AjaxElementLocator.java:140)
	at org.openqa.selenium.support.ui.SlowLoadableComponent.get(SlowLoadableComponent.java:70)
	at org.openqa.selenium.support.pagefactory.AjaxElementLocator.findElement(AjaxElementLocator.java:70)
	... 27 more
Caused by: org.openqa.selenium.remote.ScreenshotException: Screen shot has been taken
Build info: version: '2.33.0', revision: '4e90c97', time: '2013-05-22 15:32:38'
System info: os.name: 'Windows Vista', os.arch: 'x86', os.version: '6.2', java.version: '1.6.0_01'
Driver info: driver.version: RemoteWebDriver
	at org.openqa.selenium.remote.ErrorHandler.throwIfResponseFailed(ErrorHandler.java:125)
	... 37 more
Caused by: org.openqa.selenium.NoSuchElementException: Unable to locate element: {"method":"xpath","selector":"//img[@title='Proceed']"}
Command duration or timeout: 15 milliseconds
For documentation on this error, please visit: http://seleniumhq.org/exceptions/no_such_element.html
Build info: version: '2.33.0', revision: '4e90c97', time: '2013-05-22 15:32:38'
System info: os.name: 'Windows 8', os.arch: 'amd64', os.version: '6.2', java.version: '1.8.0_05'
Driver info: org.openqa.selenium.firefox.FirefoxDriver
Capabilities [{applicationCacheEnabled=true, rotatable=false, handlesAlerts=true, databaseEnabled=true, version=24.0, platform=XP, browserConnectionEnabled=true, nativeEvents=true, acceptSslCerts=true, webStorageEnabled=true, locationContextEnabled=true, browserName=firefox, takesScreenshot=true, javascriptEnabled=true, cssSelectorsEnabled=true}]
Session ID: 25961703-0b57-47a9-92d4-7f3015cc4305
For documentation on this error, please visit: http://seleniumhq.org/exceptions/no_such_element.html
Build info: version: '2.33.0', revision: '4e90c97', time: '2013-05-22 15:32:38'
System info: os.name: 'Windows Vista', os.arch: 'x86', os.version: '6.2', java.version: '1.6.0_01'
Driver info: driver.version: EventFiringWebDriver
	at sun.reflect.GeneratedConstructorAccessor23.newInstance(Unknown Source)
	at sun.reflect.DelegatingConstructorAccessorImpl.newInstance(Unknown Source)
	at java.lang.reflect.Constructor.newInstance(Unknown Source)
	at org.openqa.selenium.remote.ErrorHandler.createThrowable(ErrorHandler.java:191)
	at org.openqa.selenium.remote.ErrorHandler.throwIfResponseFailed(ErrorHandler.java:145)
	at org.openqa.selenium.remote.RemoteWebDriver.execute(RemoteWebDriver.java:554)
	at org.openqa.selenium.remote.RemoteWebDriver.findElement(RemoteWebDriver.java:307)
	at org.openqa.selenium.remote.RemoteWebDriver.findElementByXPath(RemoteWebDriver.java:404)
	at org.openqa.selenium.By$ByXPath.findElement(By.java:344)
	at org.openqa.selenium.remote.RemoteWebDriver.findElement(RemoteWebDriver.java:299)
	at sun.reflect.GeneratedMethodAccessor22.invoke(Unknown Source)
	at sun.reflect.DelegatingMethodAccessorImpl.invoke(Unknown Source)
	at java.lang.reflect.Method.invoke(Unknown Source)
	at org.openqa.selenium.support.events.EventFiringWebDriver$2.invoke(EventFiringWebDriver.java:101)
	at com.sun.proxy.$Proxy1.findElement(Unknown Source)
	at org.openqa.selenium.support.events.EventFiringWebDriver.findElement(EventFiringWebDriver.java:180)
	at org.openqa.selenium.remote.server.handler.FindElement.call(FindElement.java:47)
	at org.openqa.selenium.remote.server.handler.FindElement.call(FindElement.java:1)
	at java.util.concurrent.FutureTask.run(Unknown Source)
	at org.openqa.selenium.remote.server.DefaultSession$1.run(DefaultSession.java:169)
	at java.util.concurrent.ThreadPoolExecutor.runWorker(Unknown Source)
	at java.util.concurrent.ThreadPoolExecutor$Worker.run(Unknown Source)
	at java.lang.Thread.run(Unknown Source)
]]>
    </failure>
  </testcase> <!-- tender_reencryption -->
  <testcase name="tender_open" time="99.883" classname="com.qcbs.verifications.Tender_bidding">
    <failure type="org.openqa.selenium.NoSuchElementException" message="Timed out after 10 seconds. Unable to locate the element
For documentation on this error, please visit: http://seleniumhq.org/exceptions/no_such_element.html
Build info: version: &amp;apos;2.33.0&amp;apos;, revision: &amp;apos;4e90c97&amp;apos;, time: &amp;apos;2013-05-22 15:32:38&amp;apos;
System info: os.name: &amp;apos;Windows Vista&amp;apos;, os.arch: &amp;apos;x86&amp;apos;, os.version: &amp;apos;6.2&amp;apos;, java.version: &amp;apos;1.6.0_01&amp;apos;
Driver info: driver.version: unknown">
      <![CDATA[org.openqa.selenium.NoSuchElementException: Timed out after 10 seconds. Unable to locate the element
For documentation on this error, please visit: http://seleniumhq.org/exceptions/no_such_element.html
Build info: version: '2.33.0', revision: '4e90c97', time: '2013-05-22 15:32:38'
System info: os.name: 'Windows Vista', os.arch: 'x86', os.version: '6.2', java.version: '1.6.0_01'
Driver info: driver.version: unknown
	at org.openqa.selenium.support.pagefactory.AjaxElementLocator.findElement(AjaxElementLocator.java:72)
	at org.openqa.selenium.support.pagefactory.internal.LocatingElementHandler.invoke(LocatingElementHandler.java:34)
	at $Proxy10.click(Unknown Source)
	at com.qcbs.pages.indexpages.Tender_open_IndexPage.select_tender_for_open(Tender_open_IndexPage.java:71)
	at com.qcbs.verifications.Tender_bidding.tender_open(Tender_bidding.java:254)
	at sun.reflect.NativeMethodAccessorImpl.invoke0(Native Method)
	at sun.reflect.NativeMethodAccessorImpl.invoke(NativeMethodAccessorImpl.java:39)
	at sun.reflect.DelegatingMethodAccessorImpl.invoke(DelegatingMethodAccessorImpl.java:25)
	at java.lang.reflect.Method.invoke(Method.java:597)
	at org.testng.internal.MethodInvocationHelper.invokeMethod(MethodInvocationHelper.java:84)
	at org.testng.internal.Invoker.invokeMethod(Invoker.java:714)
	at org.testng.internal.Invoker.invokeTestMethod(Invoker.java:901)
	at org.testng.internal.Invoker.invokeTestMethods(Invoker.java:1231)
	at org.testng.internal.TestMethodWorker.invokeTestMethods(TestMethodWorker.java:127)
	at org.testng.internal.TestMethodWorker.run(TestMethodWorker.java:111)
	at org.testng.TestRunner.privateRun(TestRunner.java:767)
	at org.testng.TestRunner.run(TestRunner.java:617)
	at org.testng.SuiteRunner.runTest(SuiteRunner.java:334)
	at org.testng.SuiteRunner.runSequentially(SuiteRunner.java:329)
	at org.testng.SuiteRunner.privateRun(SuiteRunner.java:291)
	at org.testng.SuiteRunner.run(SuiteRunner.java:240)
	at org.testng.SuiteRunnerWorker.runSuite(SuiteRunnerWorker.java:52)
	at org.testng.SuiteRunnerWorker.run(SuiteRunnerWorker.java:86)
	at org.testng.TestNG.runSuitesSequentially(TestNG.java:1224)
	at org.testng.TestNG.runSuitesLocally(TestNG.java:1149)
	at org.testng.TestNG.run(TestNG.java:1057)
	at org.testng.remote.RemoteTestNG.run(RemoteTestNG.java:111)
	at org.testng.remote.RemoteTestNG.initAndRun(RemoteTestNG.java:204)
	at org.testng.remote.RemoteTestNG.main(RemoteTestNG.java:175)
Caused by: org.openqa.selenium.NoSuchElementException: Unable to locate element: {"method":"xpath","selector":"//img[@title='Proceed']"}
Command duration or timeout: 15 milliseconds
For documentation on this error, please visit: http://seleniumhq.org/exceptions/no_such_element.html
Build info: version: '2.33.0', revision: '4e90c97', time: '2013-05-22 15:32:38'
System info: os.name: 'Windows 8', os.arch: 'amd64', os.version: '6.2', java.version: '1.8.0_05'
Driver info: org.openqa.selenium.firefox.FirefoxDriver
Capabilities [{applicationCacheEnabled=true, rotatable=false, handlesAlerts=true, databaseEnabled=true, version=24.0, platform=XP, browserConnectionEnabled=true, nativeEvents=true, acceptSslCerts=true, webStorageEnabled=true, locationContextEnabled=true, browserName=firefox, takesScreenshot=true, javascriptEnabled=true, cssSelectorsEnabled=true}]
Session ID: f9739f97-0347-4ed2-8792-5102730b78da
Command duration or timeout: 250 milliseconds
For documentation on this error, please visit: http://seleniumhq.org/exceptions/no_such_element.html
Build info: version: '2.33.0', revision: '4e90c97', time: '2013-05-22 15:32:38'
System info: os.name: 'Windows Vista', os.arch: 'x86', os.version: '6.2', java.version: '1.6.0_01'
Session ID: 7003b60b-7df0-4051-83a5-3a4cfbf11353
Driver info: org.openqa.selenium.remote.RemoteWebDriver
Capabilities [{platform=XP, javascriptEnabled=true, acceptSslCerts=true, browserName=firefox, rotatable=false, locationContextEnabled=true, webdriver.remote.sessionid=7003b60b-7df0-4051-83a5-3a4cfbf11353, version=24.0, cssSelectorsEnabled=true, databaseEnabled=true, handlesAlerts=true, browserConnectionEnabled=true, webStorageEnabled=true, nativeEvents=true, applicationCacheEnabled=true, takesScreenshot=true}]
	at sun.reflect.GeneratedConstructorAccessor765.newInstance(Unknown Source)
	at sun.reflect.DelegatingConstructorAccessorImpl.newInstance(DelegatingConstructorAccessorImpl.java:27)
	at java.lang.reflect.Constructor.newInstance(Constructor.java:513)
	at org.openqa.selenium.remote.ErrorHandler.createThrowable(ErrorHandler.java:191)
	at org.openqa.selenium.remote.ErrorHandler.throwIfResponseFailed(ErrorHandler.java:145)
	at org.openqa.selenium.remote.RemoteWebDriver.execute(RemoteWebDriver.java:554)
	at org.openqa.selenium.remote.RemoteWebDriver.findElement(RemoteWebDriver.java:307)
	at org.openqa.selenium.remote.RemoteWebDriver.findElementByXPath(RemoteWebDriver.java:404)
	at org.openqa.selenium.By$ByXPath.findElement(By.java:344)
	at org.openqa.selenium.remote.RemoteWebDriver.findElement(RemoteWebDriver.java:299)
	at org.openqa.selenium.support.pagefactory.DefaultElementLocator.findElement(DefaultElementLocator.java:59)
	at org.openqa.selenium.support.pagefactory.AjaxElementLocator.access$0(AjaxElementLocator.java:1)
	at org.openqa.selenium.support.pagefactory.AjaxElementLocator$SlowLoadingElement.isLoaded(AjaxElementLocator.java:140)
	at org.openqa.selenium.support.ui.SlowLoadableComponent.get(SlowLoadableComponent.java:70)
	at org.openqa.selenium.support.pagefactory.AjaxElementLocator.findElement(AjaxElementLocator.java:70)
	... 28 more
Caused by: org.openqa.selenium.remote.ScreenshotException: Screen shot has been taken
Build info: version: '2.33.0', revision: '4e90c97', time: '2013-05-22 15:32:38'
System info: os.name: 'Windows Vista', os.arch: 'x86', os.version: '6.2', java.version: '1.6.0_01'
Driver info: driver.version: RemoteWebDriver
	at org.openqa.selenium.remote.ErrorHandler.throwIfResponseFailed(ErrorHandler.java:125)
	... 38 more
Caused by: org.openqa.selenium.NoSuchElementException: Unable to locate element: {"method":"xpath","selector":"//img[@title='Proceed']"}
Command duration or timeout: 15 milliseconds
For documentation on this error, please visit: http://seleniumhq.org/exceptions/no_such_element.html
Build info: version: '2.33.0', revision: '4e90c97', time: '2013-05-22 15:32:38'
System info: os.name: 'Windows 8', os.arch: 'amd64', os.version: '6.2', java.version: '1.8.0_05'
Driver info: org.openqa.selenium.firefox.FirefoxDriver
Capabilities [{applicationCacheEnabled=true, rotatable=false, handlesAlerts=true, databaseEnabled=true, version=24.0, platform=XP, browserConnectionEnabled=true, nativeEvents=true, acceptSslCerts=true, webStorageEnabled=true, locationContextEnabled=true, browserName=firefox, takesScreenshot=true, javascriptEnabled=true, cssSelectorsEnabled=true}]
Session ID: f9739f97-0347-4ed2-8792-5102730b78da
For documentation on this error, please visit: http://seleniumhq.org/exceptions/no_such_element.html
Build info: version: '2.33.0', revision: '4e90c97', time: '2013-05-22 15:32:38'
System info: os.name: 'Windows Vista', os.arch: 'x86', os.version: '6.2', java.version: '1.6.0_01'
Driver info: driver.version: EventFiringWebDriver
	at sun.reflect.GeneratedConstructorAccessor23.newInstance(Unknown Source)
	at sun.reflect.DelegatingConstructorAccessorImpl.newInstance(Unknown Source)
	at java.lang.reflect.Constructor.newInstance(Unknown Source)
	at org.openqa.selenium.remote.ErrorHandler.createThrowable(ErrorHandler.java:191)
	at org.openqa.selenium.remote.ErrorHandler.throwIfResponseFailed(ErrorHandler.java:145)
	at org.openqa.selenium.remote.RemoteWebDriver.execute(RemoteWebDriver.java:554)
	at org.openqa.selenium.remote.RemoteWebDriver.findElement(RemoteWebDriver.java:307)
	at org.openqa.selenium.remote.RemoteWebDriver.findElementByXPath(RemoteWebDriver.java:404)
	at org.openqa.selenium.By$ByXPath.findElement(By.java:344)
	at org.openqa.selenium.remote.RemoteWebDriver.findElement(RemoteWebDriver.java:299)
	at sun.reflect.GeneratedMethodAccessor22.invoke(Unknown Source)
	at sun.reflect.DelegatingMethodAccessorImpl.invoke(Unknown Source)
	at java.lang.reflect.Method.invoke(Unknown Source)
	at org.openqa.selenium.support.events.EventFiringWebDriver$2.invoke(EventFiringWebDriver.java:101)
	at com.sun.proxy.$Proxy1.findElement(Unknown Source)
	at org.openqa.selenium.support.events.EventFiringWebDriver.findElement(EventFiringWebDriver.java:180)
	at org.openqa.selenium.remote.server.handler.FindElement.call(FindElement.java:47)
	at org.openqa.selenium.remote.server.handler.FindElement.call(FindElement.java:1)
	at java.util.concurrent.FutureTask.run(Unknown Source)
	at org.openqa.selenium.remote.server.DefaultSession$1.run(DefaultSession.java:169)
	at java.util.concurrent.ThreadPoolExecutor.runWorker(Unknown Source)
	at java.util.concurrent.ThreadPoolExecutor$Worker.run(Unknown Source)
	at java.lang.Thread.run(Unknown Source)
]]>
    </failure>
  </testcase> <!-- tender_open -->
</testsuite> <!-- Tender Bidding 4 -->
