<?xml version="1.0" encoding="UTF-8"?>
<!-- Generated by org.testng.reporters.JUnitXMLReporter -->
<testsuite hostname="Vira" name="Tender biddinf" tests="5" failures="0" timestamp="28 Jun 2014 11:44:07 GMT" time="217.434" errors="0">
  <testcase name="tender_bid" time="33.749" classname="com.qcbs.verifications.Tender_bid"/>
  <testcase name="tender_bid" time="32.054" classname="com.qcbs.verifications.Tender_bid"/>
  <testcase name="tender_bid" time="32.546" classname="com.qcbs.verifications.Tender_bid"/>
  <testcase name="tender_bid" time="32.523" classname="com.qcbs.verifications.Tender_bid"/>
  <testcase name="tender_bid" time="32.596" classname="com.qcbs.verifications.Tender_bid"/>
</testsuite> <!-- Tender biddinf -->
